
 -----------------------------------------------
      Restrained ESP Fit 2.3  Amber 4.1
 -----------------------------------------------
 Resp charges for organic molecule                                               
 -----------------------------------------------


 inopt       =     0   ioutopt     =     1
 nmol        =     1   iqopt       =     0
 ihfree      =     1   irstrnt     =     1
 iunits      =     0   qwt         =   0.00050000
 wtmol(1) =     1.000000
 subtitle:

Resp charges for organic molecule                                               
ich =   1  iuniq =  26
    1    6    0
    2    6    0
    3    6    0
    4    6    0
    5    6    0
    6    6    0
    7    6    6
    8    6    0
    9    6    0
   10    7    0
   11    1    0
   12    1    0
   13    1    0
   14    1    0
   15    1    0
   16    1    0
   17    1    0
   18    1    0
   19    1    0
   20    1    0
   21    1    0
   22    1   21
   23    1    0
   24    1    0
   25    1   24
   26    1   24

  ----------------------------------------------------------------------------
     ATOM                       COORDINATES                         CHARGE
                       X             Y                Z
  ----------------------------------------------------------------------------
  ----------------------------------------------------------------------------


 Charge on the molecule(ich) =    1
 Total number of atoms (iuniq)     =   26
 Weight factor on initial charge restraints(qwt)=     0.50000D-03


  there are  1 charge constraints:


     1       1
     2       1
     3       1
     4       1
     5       1
     6       1
     7       1
     8       1
     9       1
    10       1
    11       1
    12       1
    13       1
    14       1
    15       1
    16       1
    17       1
    18       1
    19       1
    20       1
    21       1
    22       1
    23       1
    24       1
    25       1
    26       1

 Reading esp"s for molecule   1
 total number of atoms      =    26
 total number of esp points =   946


 center     X       Y       Z 
    1  -0.3273112E+01   0.4833678E-03  -0.1637757E+01
    2  -0.1421350E+01   0.2337730E+01   0.2125088E+01
    3  -0.1421025E+01  -0.2338991E+01   0.2123830E+01
    4   0.9144501E+00   0.2355580E+01  -0.1662781E+01
    5   0.9146524E+00  -0.2354721E+01  -0.1663823E+01
    6  -0.1863129E+01   0.2442647E+01  -0.7627258E+00
    7  -0.1862928E+01  -0.2442376E+01  -0.7636580E+00
    8   0.3041660E+00  -0.6366219E-03   0.2342328E+01
    9   0.1830030E+01  -0.3097032E-04  -0.2342389E+00
   10   0.4724040E+01   0.9061445E-04   0.1377902E+00
   11  -0.5190030E+01   0.1917121E-03  -0.8612816E+00
   12  -0.3433940E+01   0.8460854E-03  -0.3702660E+01
   13  -0.4324927E+00   0.4034507E+01   0.2783724E+01
   14  -0.3175878E+01   0.2166165E+01   0.3197216E+01
   15  -0.3175391E+01  -0.2168342E+01   0.3196433E+01
   16  -0.4322938E+00  -0.4036140E+01   0.2781860E+01
   17   0.1076300E+01   0.2187664E+01  -0.3717611E+01
   18   0.1937284E+01   0.4064505E+01  -0.1078324E+01
   19   0.1937015E+01  -0.4063003E+01  -0.1079800E+01
   20   0.1076227E+01  -0.2185202E+01  -0.3719035E+01
   21  -0.2847713E+01   0.4155261E+01  -0.1360221E+01
   22  -0.2847406E+01  -0.4154645E+01  -0.1362100E+01
   23   0.1440402E+01  -0.9895475E-03   0.4074584E+01
   24   0.5584317E+01  -0.1304599E+01  -0.1007884E+01
   25   0.5196588E+01  -0.4276092E+00   0.1967606E+01
   26   0.5488204E+01   0.1732643E+01  -0.2746107E+00
 Initial ssvpot =    15.391


 Number of unique UNfrozen centers=   22

 Non-linear optimization requested.
 qchnge =    0.5124564847E-01
 qchnge =    0.1163805643E-01
 qchnge =    0.3684987773E-02
 qchnge =    0.1384076439E-02
 qchnge =    0.5611415025E-03
 qchnge =    0.2383840989E-03
 qchnge =    0.1044503512E-03
 qchnge =    0.4669466699E-04
 qchnge =    0.2113855944E-04
 qchnge =    0.9641624540E-05
 qchnge =    0.4416748380E-05
 qchnge =    0.2028072463E-05
 qchnge =    0.9323737119E-06

 Convergence in   12 iterations


Resp charges for organic molecule                                               

          Point Charges Before & After Optimization

    no.  At.no.    q(init)       q(opt)     ivary    d(rstr)/dq
    1   6       0.000000      -0.155268      0       0.002707
    2   6       0.000000      -0.189013      0       0.002338
    3   6       0.000000      -0.197435      0       0.002259
    4   6       0.000000      -0.198358      0       0.002251
    5   6       0.000000      -0.187994      0       0.002348
    6   6       0.000000       0.067085      0       0.004152
    7   6       0.000000       0.067085      6       0.004152
    8   6       0.000000       0.015403      0       0.004942
    9   6       0.000000       0.292963      0       0.001615
   10   7       0.000000      -0.455166      0       0.001073
   11   1       0.000000       0.063228      0       0.000000
   12   1       0.000000       0.054762      0       0.000000
   13   1       0.000000       0.052706      0       0.000000
   14   1       0.000000       0.084860      0       0.000000
   15   1       0.000000       0.085790      0       0.000000
   16   1       0.000000       0.057577      0       0.000000
   17   1       0.000000       0.078937      0       0.000000
   18   1       0.000000       0.089399      0       0.000000
   19   1       0.000000       0.083565      0       0.000000
   20   1       0.000000       0.079770      0       0.000000
   21   1       0.000000       0.044889      0       0.000000
   22   1       0.000000       0.044889     21       0.000000
   23   1       0.000000       0.067321      0       0.000000
   24   1       0.000000       0.351002      0       0.000000
   25   1       0.000000       0.351002     24       0.000000
   26   1       0.000000       0.351002     24       0.000000

 Sum over the calculated charges:      1.000

        Statistics of the fitting:
  The initial sum of squares (ssvpot)                     15.391
  The residual sum of squares (chipot)                     0.002
  The std err of estimate (sqrt(chipot/N))               0.00137
  ESP relative RMS (SQRT(chipot/ssvpot))                 0.01078

 Center of Mass (Angst.):

 X  =   0.00000      Y  =   0.00000      Z  =   0.00000

 Dipole (Debye):

 X  =   9.65000      Y  =  -0.01097      Z  =   0.22696

 Dipole Moment (Debye)=   9.65268

 Quadrupole (Debye*Angst.):

 Qxx =  52.24488     QYY = -25.58954     QZZ = -26.65534
 Qxy = -49.85098     QXZ = -47.27997     QYZ = -49.88448
