
 -----------------------------------------------
      Restrained ESP Fit 2.3  Amber 4.1
 -----------------------------------------------
 Resp charges for organic molecule                                               
 -----------------------------------------------


 inopt       =     0   ioutopt     =     1
 nmol        =     1   iqopt       =     2
 ihfree      =     1   irstrnt     =     1
 iunits      =     0   qwt         =   0.00100000
 wtmol(1) =     1.000000
 subtitle:

Resp charges for organic molecule                                               
ich =   1  iuniq =  39
    1    6    0
    2    6    0
    3    6    2
    4    6    0
    5    6    4
    6    6    0
    7    6    6
    8    6    0
    9    6    8
   10    6    0
   11    6   10
   12    6  -99
   13    7  -99
   14    1    0
   15    1   14
   16    1    0
   17    1   16
   18    1   16
   19    1   16
   20    1    0
   21    1   20
   22    1   20
   23    1   20
   24    1    0
   25    1   24
   26    1   24
   27    1   24
   28    1    0
   29    1   28
   30    1   28
   31    1   28
   32    1    0
   33    1   32
   34    1   32
   35    1   32
   36    1  -99
   37    1  -99
   38    1  -99
   39    1  -99
 new q0 values to be read  39

  ----------------------------------------------------------------------------
     ATOM                       COORDINATES                         CHARGE
                       X             Y                Z
  ----------------------------------------------------------------------------
  ----------------------------------------------------------------------------


 Charge on the molecule(ich) =    1
 Total number of atoms (iuniq)     =   39
 Weight factor on initial charge restraints(qwt)=     0.10000D-02


  there are  1 charge constraints:


     1       1
     2       1
     3       1
     4       1
     5       1
     6       1
     7       1
     8       1
     9       1
    10       1
    11       1
    12       1
    13       1
    14       1
    15       1
    16       1
    17       1
    18       1
    19       1
    20       1
    21       1
    22       1
    23       1
    24       1
    25       1
    26       1
    27       1
    28       1
    29       1
    30       1
    31       1
    32       1
    33       1
    34       1
    35       1
    36       1
    37       1
    38       1
    39       1

 Reading esp"s for molecule   1
 total number of atoms      =    39
 total number of esp points =  1215


 center     X       Y       Z 
    1  -0.4710236E+01   0.1886767E+01   0.6485599E+00
    2  -0.6061563E+01  -0.2958769E+00  -0.7273725E+00
    3  -0.2447379E+01   0.2997131E+01  -0.8022336E+00
    4  -0.4422792E+01  -0.2600166E+01  -0.1455671E+01
    5  -0.6997949E+00   0.4606004E+01   0.8939207E+00
    6  -0.3143950E+01  -0.4042732E+01   0.7321006E+00
    7   0.1957864E+01   0.5034224E+01  -0.2285000E+00
    8  -0.5983595E+00  -0.3018977E+01   0.1728643E+01
    9   0.3447471E+01   0.2622022E+01  -0.9120171E+00
   10   0.1558702E+01  -0.3147815E+01  -0.2225063E+00
   11   0.3975063E+01   0.8230362E+00   0.1366311E+01
   12   0.4045382E+01  -0.2001112E+01   0.7387166E+00
   13   0.6112178E+01  -0.2474636E+01  -0.1292443E+01
   14  -0.6089164E+01   0.3402750E+01   0.9519433E+00
   15  -0.4133613E+01   0.1253343E+01   0.2537309E+01
   16  -0.7650054E+01  -0.9447551E+00   0.4366525E+00
   17  -0.6939161E+01   0.4461086E+00  -0.2454632E+01
   18  -0.1350820E+01   0.1505006E+01  -0.1712815E+01
   19  -0.3186015E+01   0.4224483E+01  -0.2301370E+01
   20  -0.5635398E+01  -0.3943443E+01  -0.2463014E+01
   21  -0.3047403E+01  -0.2015678E+01  -0.2895069E+01
   22  -0.1593308E+01   0.6434352E+01   0.1255909E+01
   23  -0.4863739E+00   0.3624712E+01   0.2712166E+01
   24  -0.4443873E+01  -0.4273667E+01   0.2328307E+01
   25  -0.2827408E+01  -0.5993875E+01   0.8989717E-01
   26   0.1691337E+01   0.6067350E+01  -0.2009901E+01
   27   0.3091803E+01   0.6291456E+01   0.9636735E+00
   28  -0.8631171E+00  -0.1064447E+01   0.2334436E+01
   29  -0.4250321E-01  -0.4094131E+01   0.3412062E+01
   30   0.2392068E+01   0.1565368E+01  -0.2343249E+01
   31   0.5255788E+01   0.3190585E+01  -0.1752084E+01
   32   0.1859108E+01  -0.5130155E+01  -0.7645101E+00
   33   0.9597658E+00  -0.2152967E+01  -0.1938192E+01
   34   0.5769733E+01   0.1401000E+01   0.2234379E+01
   35   0.2551525E+01   0.1169902E+01   0.2816460E+01
   36   0.4718500E+01  -0.3056360E+01   0.2385116E+01
   37   0.5358452E+01  -0.2389416E+01  -0.3075239E+01
   38   0.6927596E+01  -0.4217199E+01  -0.1079339E+01
   39   0.7524849E+01  -0.1152905E+01  -0.1181499E+01
 Initial ssvpot =    15.807


 Number of unique UNfrozen centers=   12

 Non-linear optimization requested.
 qchnge =    0.2174597601E-01
 qchnge =    0.2472867061E-02
 qchnge =    0.1621558437E-03
 qchnge =    0.1069832403E-04
 qchnge =    0.7476383083E-06

 Convergence in    4 iterations


Resp charges for organic molecule                                               

          Point Charges Before & After Optimization

    no.  At.no.    q(init)       q(opt)     ivary    d(rstr)/dq
    1   6      -0.060785      -0.012482      0       0.009923
    2   6      -0.046151      -0.005001      0       0.009988
    3   6      -0.012894      -0.005001      2       0.009988
    4   6      -0.067104      -0.032387      0       0.009513
    5   6      -0.077899      -0.032387      4       0.009513
    6   6      -0.054206      -0.022173      0       0.009763
    7   6      -0.018673      -0.022173      6       0.009763
    8   6      -0.050133      -0.021455      0       0.009778
    9   6      -0.011785      -0.021455      8       0.009778
   10   6      -0.094039      -0.091715      0       0.007369
   11   6      -0.120378      -0.091715     10       0.007369
   12   6       0.023394       0.023394    -99       0.009737
   13   7      -0.462095      -0.462095    -99       0.002115
   14   1       0.027702       0.008780      0       0.000000
   15   1       0.014143       0.008780     14       0.000000
   16   1       0.026852       0.008218      0       0.000000
   17   1       0.016479       0.008218     16       0.000000
   18   1       0.042009       0.008218     16       0.000000
   19   1       0.036054       0.008218     16       0.000000
   20   1       0.034298       0.014645      0       0.000000
   21   1       0.020992       0.014645     20       0.000000
   22   1       0.035198       0.014645     20       0.000000
   23   1       0.027872       0.014645     20       0.000000
   24   1       0.043483       0.020159      0       0.000000
   25   1       0.024985       0.020159     24       0.000000
   26   1       0.006176       0.020159     24       0.000000
   27   1       0.028729       0.020159     24       0.000000
   28   1       0.073355       0.026685      0       0.000000
   29   1       0.029454       0.026685     28       0.000000
   30   1       0.007587       0.026685     28       0.000000
   31   1       0.034351       0.026685     28       0.000000
   32   1       0.081701       0.065243      0       0.000000
   33   1       0.069886       0.065243     32       0.000000
   34   1       0.081568       0.065243     32       0.000000
   35   1       0.050591       0.065243     32       0.000000
   36   1       0.141588       0.141588    -99       0.000000
   37   1       0.365899       0.365899    -99       0.000000
   38   1       0.365899       0.365899    -99       0.000000
   39   1       0.365899       0.365899    -99       0.000000

 Sum over the calculated charges:      1.000

        Statistics of the fitting:
  The initial sum of squares (ssvpot)                     15.807
  The residual sum of squares (chipot)                     0.004
  The std err of estimate (sqrt(chipot/N))               0.00192
  ESP relative RMS (SQRT(chipot/ssvpot))                 0.01682

 Center of Mass (Angst.):

 X  =   0.00000      Y  =   0.00000      Z  =   0.00000

 Dipole (Debye):

 X  =  13.63410      Y  =  -5.61637      Z  =  -2.36502

 Dipole Moment (Debye)=  14.93404

 Quadrupole (Debye*Angst.):

 Qxx =  78.86646     QYY = -29.58515     QZZ = -49.28131
 Qxy =-127.29297     QXZ =-101.99049     QYZ = -65.90556
