# Step Status Loss       Vector
     0      0   0.134588   0.000000   0.710000   0.000000   0.000000   0.000000   0.000000   0.000000   3.141593   0.000000   3.141593   0.000000   0.000000   0.000000
     1      0   0.134679   9.532447  -3.549262   2.011647   4.891144   5.304016  -1.491620   1.792658   5.242480   2.024708   5.963536   0.458862   0.604613  11.067343
     2      0   0.132900  -5.958154  -7.564652   9.427994   1.280025   1.009895  -0.178280   4.639591   0.370357   5.845357   3.717397   2.226683   2.351634   4.385361
     3      0   0.151637  -7.091775  -0.138012   6.791454  -8.159836   6.480991  -9.301004   3.446955   2.028153   2.073135   5.198542   4.883916   5.453659  18.066116
     4      0   0.132900  -6.968029   4.550067   7.916371  -4.982481   2.568154   0.472142   4.799267   3.504290   1.842438   0.409726   1.016063   1.557195  -9.054267
     5      0   0.134496  -5.062705  -1.931931  -4.570316  -9.045687  -5.808481   3.843966   5.066513   3.625385   3.085477   5.327982   4.934084   4.775833  21.319537
     6      0   0.155953  -2.497468  -2.995378  -3.243131   1.067968   7.435716  -8.559612   0.935949   5.407860   3.597981   4.457897   2.533947   3.908813 -24.621866
     7      0   0.134655  -6.714553  -3.097799   7.221801  -8.707791  -7.529353  -5.839869   5.616165   3.760539   0.829279   5.815500   4.418659   5.341989  -8.960254
     8      0   0.146542  -1.650569   6.799948   4.947789   4.748291   0.243489  -8.537480   2.013210   5.653562   3.025335   4.592115   5.281165   1.008938  -7.464914
     9      0   0.132978   0.008653  -2.943375  -3.085243  -2.405980   1.302177  -3.342355   2.125968   5.304928   3.604615   3.222226   3.747153   3.401741   5.401631
    10      0   0.146748   0.135127   8.887092   0.282888   2.193151   5.929431  -9.815163   2.445664   2.260455   5.734076   3.898306   4.725406   4.162035 -19.524360
    11      0   0.136151  -7.308728   2.268914  -2.983338  -3.028390  -0.805752  -0.634658   5.073334   2.367648   6.271502   5.724167   1.380175   1.097131  -0.945081
    12      0   0.132905  -3.854736   9.534045   8.910963   3.297566  -5.505950  -1.099450   1.134736   5.094416   0.551483   5.880408   2.273535   4.566970 -24.826488
    13      0   0.146542  -0.753968   4.122281   3.707367  -1.647771   9.910509  -4.692317   3.805569   6.200014   1.633787   0.053402   1.912937   1.293337   9.805852
    14      0   0.154720  -9.479659   2.888005  -7.844998  -7.159161  -8.197653   8.529309   0.254958   1.838032   2.886155   1.176200   2.659271   1.297202 -21.075581
    15      0   0.155466  -4.578019   4.318120  -9.366506   6.176799  -1.516047  -0.043178   3.487323   5.497061   0.405658   0.957404   2.962648   4.458699   3.380272
    16      0   0.155442   8.407616   7.958815  -2.956861  -1.320652  -9.722519   7.461485   5.280710   2.046345   3.244926   2.205147   6.106377   5.777742 -16.778609
    17      0   0.134729   9.535250  -2.354609  -8.204933  -4.737168   3.069190   7.756453   2.083449   1.577490   3.521397   1.822719   5.828997   5.102166  -8.824822
    18      0   0.134729   7.594348   8.409956   5.249569  -6.908249   6.236766  -2.317117   4.708188   3.290283   0.585008   4.097439   6.184057   5.384556 -17.405416
    19      0   0.139435  -8.483475  -0.691900   6.702804  -3.012291  -0.054030   8.295394   1.275743   5.701704   1.045215   2.589627   5.949253   4.288281  11.153298
