
 -----------------------------------------------
      Restrained ESP Fit 2.3  Amber 4.1
 -----------------------------------------------
 Resp charges for organic molecule                                               
 -----------------------------------------------


 inopt       =     0   ioutopt     =     1
 nmol        =     1   iqopt       =     0
 ihfree      =     1   irstrnt     =     1
 iunits      =     0   qwt         =   0.00050000
 wtmol(1) =     1.000000
 subtitle:

Resp charges for organic molecule                                               
ich =   1  iuniq =  49
    1    6    0
    2    6    0
    3    6    0
    4    6    0
    5    6    0
    6    6    0
    7    6    0
    8    6    0
    9    6    0
   10    6    0
   11    6    0
   12    6    0
   13    6    0
   14    6    0
   15    6    0
   16    6    0
   17    6    0
   18    6    0
   19    6    0
   20    6    0
   21    7    0
   22    7    0
   23    8    0
   24    8    0
   25    1    0
   26    1    0
   27    1    0
   28    1    0
   29    1    0
   30    1    0
   31    1    0
   32    1    0
   33    1    0
   34    1    0
   35    1    0
   36    1    0
   37    1    0
   38    1    0
   39    1    0
   40    1    0
   41    1    0
   42    1    0
   43    1    0
   44    1    0
   45    1    0
   46    1    0
   47    1    0
   48    1    0
   49    1    0

  ----------------------------------------------------------------------------
     ATOM                       COORDINATES                         CHARGE
                       X             Y                Z
  ----------------------------------------------------------------------------
  ----------------------------------------------------------------------------


 Charge on the molecule(ich) =    1
 Total number of atoms (iuniq)     =   49
 Weight factor on initial charge restraints(qwt)=     0.50000D-03


  there are  1 charge constraints:


     1       1
     2       1
     3       1
     4       1
     5       1
     6       1
     7       1
     8       1
     9       1
    10       1
    11       1
    12       1
    13       1
    14       1
    15       1
    16       1
    17       1
    18       1
    19       1
    20       1
    21       1
    22       1
    23       1
    24       1
    25       1
    26       1
    27       1
    28       1
    29       1
    30       1
    31       1
    32       1
    33       1
    34       1
    35       1
    36       1
    37       1
    38       1
    39       1
    40       1
    41       1
    42       1
    43       1
    44       1
    45       1
    46       1
    47       1
    48       1
    49       1

 Reading esp"s for molecule   1
 total number of atoms      =    49
 total number of esp points =  1716


 center     X       Y       Z 
    1   0.7801181E+01   0.2237959E+01  -0.1566930E+01
    2   0.8503528E+01  -0.2343976E+00  -0.1182976E+01
    3   0.6236484E+00   0.4798582E+01   0.7060740E+00
    4   0.4448862E+01  -0.1130435E+01   0.7405118E+00
    5   0.2459868E+01   0.6375676E+01  -0.4849540E+00
    6   0.3681106E+01   0.1411592E+01   0.3645591E+00
    7   0.1276728E+01   0.2311586E+01   0.1114728E+01
    8   0.5382197E+01   0.3148252E+01  -0.8140945E+00
    9   0.6796373E+01  -0.1958365E+01  -0.5775962E-02
   10  -0.9218226E+01   0.2971503E+01  -0.1502088E+01
   11  -0.9595315E+01   0.4810543E+00  -0.1589615E+01
   12  -0.5058352E+01  -0.4827848E+01   0.6321388E+00
   13  -0.5466350E+01  -0.5225732E+00   0.2470509E+01
   14  -0.2682797E+01  -0.3971193E+01  -0.8198104E+00
   15  -0.5241403E+01  -0.8015317E+00  -0.3162707E+01
   16  -0.7638656E+01  -0.1627674E+01  -0.1692729E+01
   17  -0.6897217E+01  -0.2598779E+01   0.9752464E+00
   18  -0.3221194E+01   0.4845846E+00   0.9049967E+00
   19   0.9913553E+01  -0.5272850E+01  -0.3939156E+00
   20  -0.6892955E+00   0.5967746E+00   0.2397437E+01
   21   0.4748193E+01   0.5596828E+01  -0.1219820E+01
   22  -0.2954036E+01  -0.1187285E+01  -0.1447931E+01
   23  -0.1171774E+01   0.1556113E+01   0.4856108E+01
   24   0.7484203E+01  -0.4393323E+01   0.3730872E+00
   25   0.9134601E+01   0.3508493E+01  -0.2467032E+01
   26   0.1035598E+02  -0.8587389E+00  -0.1778293E+01
   27  -0.1205666E+01   0.5547038E+01   0.1259976E+01
   28   0.3194072E+01  -0.2480791E+01   0.1628818E+01
   29   0.2057444E+01   0.8355920E+01  -0.8602533E+00
   30  -0.1080559E+02   0.4266640E+01  -0.1433458E+01
   31  -0.7362480E+01   0.3854935E+01  -0.1492750E+01
   32  -0.1155174E+02  -0.1561184E+00  -0.1588709E+01
   33  -0.5981847E+01  -0.6371595E+01  -0.3875727E+00
   34  -0.4509811E+01  -0.5596588E+01   0.2469971E+01
   35  -0.6732908E+01   0.1038609E+01   0.2935189E+01
   36  -0.4825475E+01  -0.1286188E+01   0.4278664E+01
   37  -0.9581926E+00  -0.4218041E+01   0.2740126E+00
   38  -0.2465367E+01  -0.4983956E+01  -0.2603425E+01
   39  -0.4935752E+01  -0.1964176E+01  -0.4840134E+01
   40  -0.5239617E+01   0.1174873E+01  -0.3736079E+01
   41  -0.8524651E+01  -0.3180715E+01  -0.2733937E+01
   42  -0.8559076E+01  -0.3216730E+01   0.2029605E+01
   43  -0.3638120E+01   0.2379132E+01   0.2060540E+00
   44   0.9986223E+01  -0.7263439E+01   0.1186990E+00
   45   0.1142863E+02  -0.4213026E+01   0.5383099E+00
   46   0.1017484E+02  -0.5054947E+01  -0.2438550E+01
   47   0.3144405E-01  -0.1313770E+01   0.2620452E+01
   48  -0.1378656E+01  -0.6278550E+00  -0.2427560E+01
   49  -0.1816254E+01   0.3260412E+01   0.4725067E+01
 Initial ssvpot =    16.937


 Number of unique UNfrozen centers=   49

 Non-linear optimization requested.
 qchnge =    0.3905727193E-01
 qchnge =    0.5528131299E-02
 qchnge =    0.1444282883E-02
 qchnge =    0.5223604921E-03
 qchnge =    0.2142288093E-03
 qchnge =    0.9286555822E-04
 qchnge =    0.4123022092E-04
 qchnge =    0.1849414761E-04
 qchnge =    0.8331919845E-05
 qchnge =    0.3760484479E-05
 qchnge =    0.1698500355E-05
 qchnge =    0.7674036807E-06

 Convergence in   11 iterations


Resp charges for organic molecule                                               

          Point Charges Before & After Optimization

    no.  At.no.    q(init)       q(opt)     ivary    d(rstr)/dq
    1   6       0.000000      -0.352247      0       0.001366
    2   6       0.000000      -0.159842      0       0.002652
    3   6       0.000000      -0.357003      0       0.001349
    4   6       0.000000      -0.385620      0       0.001255
    5   6       0.000000       0.264876      0       0.001766
    6   6       0.000000      -0.011844      0       0.004965
    7   6       0.000000       0.083444      0       0.003839
    8   6       0.000000       0.516080      0       0.000951
    9   6       0.000000       0.308787      0       0.001540
   10   6       0.000000      -0.381345      0       0.001268
   11   6       0.000000      -0.174189      0       0.002489
   12   6       0.000000      -0.071951      0       0.004059
   13   6       0.000000      -0.071720      0       0.004063
   14   6       0.000000      -0.022702      0       0.004876
   15   6       0.000000      -0.024043      0       0.004861
   16   6       0.000000      -0.000892      0       0.005000
   17   6       0.000000      -0.047748      0       0.004512
   18   6       0.000000      -0.018559      0       0.004916
   19   6       0.000000      -0.034387      0       0.004728
   20   6       0.000000       0.137526      0       0.002940
   21   7       0.000000      -0.658395      0       0.000751
   22   7       0.000000      -0.062044      0       0.004249
   23   8       0.000000      -0.690771      0       0.000716
   24   8       0.000000      -0.341640      0       0.001405
   25   1       0.000000       0.196384      0       0.000000
   26   1       0.000000       0.178920      0       0.000000
   27   1       0.000000       0.193453      0       0.000000
   28   1       0.000000       0.141687      0       0.000000
   29   1       0.000000       0.106683      0       0.000000
   30   1       0.000000       0.174790      0       0.000000
   31   1       0.000000       0.177239      0       0.000000
   32   1       0.000000       0.149370      0       0.000000
   33   1       0.000000       0.055360      0       0.000000
   34   1       0.000000       0.073273      0       0.000000
   35   1       0.000000       0.065759      0       0.000000
   36   1       0.000000       0.072907      0       0.000000
   37   1       0.000000       0.062286      0       0.000000
   38   1       0.000000       0.123237      0       0.000000
   39   1       0.000000       0.121367      0       0.000000
   40   1       0.000000       0.094134      0       0.000000
   41   1       0.000000       0.104275      0       0.000000
   42   1       0.000000       0.094299      0       0.000000
   43   1       0.000000       0.136960      0       0.000000
   44   1       0.000000       0.102067      0       0.000000
   45   1       0.000000       0.086323      0       0.000000
   46   1       0.000000       0.084121      0       0.000000
   47   1       0.000000       0.234351      0       0.000000
   48   1       0.000000       0.262002      0       0.000000
   49   1       0.000000       0.464980      0       0.000000

 Sum over the calculated charges:      1.000

        Statistics of the fitting:
  The initial sum of squares (ssvpot)                     16.937
  The residual sum of squares (chipot)                     0.004
  The std err of estimate (sqrt(chipot/N))               0.00158
  ESP relative RMS (SQRT(chipot/ssvpot))                 0.01594

 Center of Mass (Angst.):

 X  =   0.00000      Y  =   0.00000      Z  =   0.00000

 Dipole (Debye):

 X  =  -8.46784      Y  =  -4.33566      Z  =  -4.14755

 Dipole Moment (Debye)=  10.37807

 Quadrupole (Debye*Angst.):

 Qxx =  87.46940     QYY = -14.97705     QZZ = -72.49235
 Qxy =-130.80833     QXZ = -99.93420     QYZ = -74.83079
