# Step Status Loss       Vector
     0      0   0.016068   0.000000   0.700000   0.156000   0.000000   0.000000   0.000000   0.000000   0.000000   0.000000   0.000000   0.000000   0.000000   0.000000
     1      0   0.060553   2.548300   7.677318  -6.719546  -5.882139  -5.867242   8.890004   5.676344   5.696453   6.268604   2.946420   0.269439   2.744128  21.482569
     2      0   0.053955   8.141532  -0.476810  -8.153417  -1.188145  -3.678090  -2.096810   4.791070   5.463863   5.489966   0.185499   3.281861   3.563989  17.825491
     3      0   0.009261  -7.911218   8.247010  -0.178375  -4.786606   2.076196   6.559237   2.253762   5.254006   0.873277   3.844971   5.480967   1.756710  12.517485
     4      0   0.009258   7.417630  -5.059793   3.184429   8.779077  -6.781943  -8.113881   2.882730   3.633923   5.457526   1.849794   2.431291   4.808814   1.240597
     5      0   0.009258   6.725618  -0.295983   9.643951  -0.154978  -2.527700  -6.499114   0.977388   0.682280   5.907920   0.913731   5.798427   3.037788  -6.234797
     6      0   0.009258   4.403288  -0.639585  -9.061910  -5.164217  -1.557835   8.658355   5.609497   4.151503   0.774186   4.148499   4.544101   4.528245 -11.749641
     7      0   0.009258  -3.659406  -9.078236   0.935625   5.870343   8.154555  -6.688026   4.736164   0.310382   3.459020   2.563588   0.181720   1.199913  -3.307879
     8      0   0.015977  -3.856924   7.476759   4.973910   1.759341  -1.965559  -9.878171   5.611587   1.243352   2.265284   2.924260   5.195652   5.941281   0.263102
     9      0   0.014679   2.515737   8.744687  -2.566151  -1.398998  -4.522725   4.974778   5.967427   3.250644   3.510274   3.070877   4.187195   3.569600 -14.023882
    10      0   0.009258  -0.515081   4.810279   2.962107   7.188254   9.706380   5.935747   4.709704   1.221923   2.754488   0.722122   0.222117   5.394610 -11.432966
    11      0   0.009375   2.749595  -8.395577   9.132967  -0.484730   2.781716  -4.042042   2.228149   0.326798   1.465862   2.325184   4.313147   3.247248 -19.755689
    12      0   0.009258  -7.083993  -4.342224   7.879079   5.678318  -7.676430   4.750801   4.987412   5.468443   0.052380   1.154476   0.599860   4.824372 -14.047426
    13      0   0.017435  -7.328250  -5.480351   6.014667  -1.535769   7.809205   8.395341   3.097767   2.713348   0.169949   4.054039   3.904824   4.611134  14.441598
    14      0   0.015977  -4.118185  -0.363420  -7.931883  -0.202478  -7.878531  -6.831461   3.456364   6.062015   0.103828   4.461131   0.106965   4.211874   7.744670
    15      0   0.009261  -3.202770   1.143902  -1.720075  -1.072078  -4.065628   9.412470   0.044080   1.544835   4.427468   5.587148   1.049031   3.083900   7.250815
    16      0  34.818937  -1.005926  -5.691899  -7.627332   8.998187   3.281959  -0.320663   5.134904   5.079946   2.869132   0.663380   1.295701   1.375695  -9.037401
    17      0   0.009258  -1.242732   4.927719  -0.866118  -8.849387   7.375432  -5.546540   5.168091   5.208809   2.009667   3.294814   0.012382   5.816085  -5.289692
    18      0   0.009374  -4.379981   8.592555  -7.889692  -4.827680  -3.532890  -1.732220   5.136513   4.017824   2.110900   4.193341   2.882889   2.050870 -16.719548
    19      0   0.009258   2.761949   6.074130  -9.169455  -8.862745   7.376758  -2.391320   3.717307   1.351424   0.831768   2.343088   1.479685   5.144035 -12.474221
