
 -----------------------------------------------
      Restrained ESP Fit 2.3  Amber 4.1
 -----------------------------------------------
 Resp charges for organic molecule                                               
 -----------------------------------------------


 inopt       =     0   ioutopt     =     1
 nmol        =     1   iqopt       =     2
 ihfree      =     1   irstrnt     =     1
 iunits      =     0   qwt         =   0.00100000
 wtmol(1) =     1.000000
 subtitle:

Resp charges for organic molecule                                               
ich =   1  iuniq =  27
    1    6  -99
    2    6  -99
    3    6  -99
    4    6  -99
    5    6  -99
    6    6  -99
    7    6    0
    8    6    0
    9    6    0
   10    6  -99
   11    7  -99
   12    1  -99
   13    1  -99
   14    1  -99
   15    1  -99
   16    1  -99
   17    1    0
   18    1   17
   19    1   17
   20    1    0
   21    1   20
   22    1   20
   23    1    0
   24    1   23
   25    1  -99
   26    1  -99
   27    1  -99
 new q0 values to be read  27

  ----------------------------------------------------------------------------
     ATOM                       COORDINATES                         CHARGE
                       X             Y                Z
  ----------------------------------------------------------------------------
  ----------------------------------------------------------------------------


 Charge on the molecule(ich) =    1
 Total number of atoms (iuniq)     =   27
 Weight factor on initial charge restraints(qwt)=     0.10000D-02


  there are  1 charge constraints:


     1       1
     2       1
     3       1
     4       1
     5       1
     6       1
     7       1
     8       1
     9       1
    10       1
    11       1
    12       1
    13       1
    14       1
    15       1
    16       1
    17       1
    18       1
    19       1
    20       1
    21       1
    22       1
    23       1
    24       1
    25       1
    26       1
    27       1

 Reading esp"s for molecule   1
 total number of atoms      =    27
 total number of esp points =  1116


 center     X       Y       Z 
    1  -0.6623097E+01  -0.2854609E+00   0.4283979E+00
    2  -0.5183991E+01  -0.2424966E+01   0.9916641E+00
    3  -0.5484289E+01   0.1811340E+01  -0.6995054E+00
    4  -0.2607912E+01  -0.2471941E+01   0.4298156E+00
    5  -0.2908235E+01   0.1772976E+01  -0.1264919E+01
    6  -0.1466375E+01  -0.3721305E+00  -0.6997815E+00
    7   0.2501219E+01   0.3349352E+01   0.1427008E+01
    8   0.6819575E+01  -0.2287002E+01  -0.4571648E+00
    9   0.1340178E+01  -0.4179654E+00  -0.1313550E+01
   10   0.3021538E+01   0.5670961E+00   0.8557095E+00
   11   0.5822912E+01   0.3217217E+00   0.1043563E+00
   12  -0.8626672E+01  -0.2537759E+00   0.8644558E+00
   13  -0.6070646E+01  -0.4054651E+01   0.1866310E+01
   14  -0.6604042E+01   0.3472764E+01  -0.1138796E+01
   15  -0.1504366E+01  -0.4146236E+01   0.8763915E+00
   16  -0.2039463E+01   0.3413431E+01  -0.2141924E+01
   17   0.2725807E+01   0.4515673E+01  -0.2694417E+00
   18   0.5791208E+00   0.3564478E+01   0.2131647E+01
   19   0.3805082E+01   0.4098889E+01   0.2852915E+01
   20   0.5719428E+01  -0.3124973E+01  -0.1975622E+01
   21   0.8793471E+01  -0.2121947E+01  -0.1023383E+01
   22   0.6653048E+01  -0.3432210E+01   0.1246795E+01
   23   0.1654648E+01   0.7515636E+00  -0.3001331E+01
   24   0.1922088E+01  -0.2327505E+01  -0.1853767E+01
   25   0.2786973E+01  -0.5609124E+00   0.2572283E+01
   26   0.6882979E+01   0.1077463E+01   0.1537917E+01
   27   0.6110499E+01   0.1428104E+01  -0.1460992E+01
 Initial ssvpot =    16.115


 Number of unique UNfrozen centers=    6

 Non-linear optimization requested.
 qchnge =    0.3463419438E-01
 qchnge =    0.1603751341E-02
 qchnge =    0.1483001776E-03
 qchnge =    0.1853340153E-04
 qchnge =    0.3147076661E-05
 qchnge =    0.6634875534E-06

 Convergence in    5 iterations


Resp charges for organic molecule                                               

          Point Charges Before & After Optimization

    no.  At.no.    q(init)       q(opt)     ivary    d(rstr)/dq
    1   6      -0.119945      -0.119945    -99       0.006404
    2   6      -0.187254      -0.187254    -99       0.004711
    3   6      -0.187254      -0.187254    -99       0.004711
    4   6      -0.116032      -0.116032    -99       0.006528
    5   6      -0.116032      -0.116032    -99       0.006528
    6   6       0.013737       0.013737    -99       0.009907
    7   6      -0.388924      -0.392966      0       0.002466
    8   6      -0.140364      -0.164384      0       0.005197
    9   6      -0.182189      -0.141786      0       0.005764
   10   6       0.157546       0.157546    -99       0.005359
   11   7      -0.190272      -0.190272    -99       0.004652
   12   1       0.145353       0.145353    -99       0.000000
   13   1       0.157589       0.157589    -99       0.000000
   14   1       0.157589       0.157589    -99       0.000000
   15   1       0.136708       0.136708    -99       0.000000
   16   1       0.136708       0.136708    -99       0.000000
   17   1       0.122235       0.126357      0       0.000000
   18   1       0.148017       0.126357     17       0.000000
   19   1       0.109271       0.126357     17       0.000000
   20   1       0.123518       0.129126      0       0.000000
   21   1       0.120855       0.129126     20       0.000000
   22   1       0.129035       0.129126     20       0.000000
   23   1       0.110430       0.088073      0       0.000000
   24   1       0.091578       0.088073     23       0.000000
   25   1       0.114491       0.114491    -99       0.000000
   26   1       0.326805       0.326805    -99       0.000000
   27   1       0.326805       0.326805    -99       0.000000

 Sum over the calculated charges:      1.000

        Statistics of the fitting:
  The initial sum of squares (ssvpot)                     16.115
  The residual sum of squares (chipot)                     0.003
  The std err of estimate (sqrt(chipot/N))               0.00154
  ESP relative RMS (SQRT(chipot/ssvpot))                 0.01286

 Center of Mass (Angst.):

 X  =   0.00000      Y  =   0.00000      Z  =   0.00000

 Dipole (Debye):

 X  =  13.37545      Y  =   0.45129      Z  =   0.31936

 Dipole Moment (Debye)=  13.38687

 Quadrupole (Debye*Angst.):

 Qxx =  92.61804     QYY = -34.69581     QZZ = -57.92223
 Qxy = -82.48355     QXZ = -85.05288     QYZ = -88.32077
