
 -----------------------------------------------
      Restrained ESP Fit 2.3  Amber 4.1
 -----------------------------------------------
 Resp charges for organic molecule                                               
 -----------------------------------------------


 inopt       =     0   ioutopt     =     1
 nmol        =     1   iqopt       =     2
 ihfree      =     1   irstrnt     =     1
 iunits      =     0   qwt         =   0.00100000
 wtmol(1) =     1.000000
 subtitle:

Resp charges for organic molecule                                               
ich =   0  iuniq = 144
    1    8  -99
    2    6  -99
    3    7  -99
    4    6  -99
    5    6    0
    6    7  -99
    7    6  -99
    8    6  -99
    9    8  -99
   10    7  -99
   11    6  -99
   12    6    5
   13    7  -99
   14    6  -99
   15    6  -99
   16    8  -99
   17    7  -99
   18    6  -99
   19    6    5
   20    7  -99
   21    6  -99
   22    6  -99
   23    8  -99
   24    7  -99
   25    6  -99
   26    6    5
   27    7  -99
   28    6  -99
   29    6  -99
   30    8  -99
   31    7  -99
   32    6  -99
   33    6    5
   34    7  -99
   35    6  -99
   36    6  -99
   37    8  -99
   38    7  -99
   39    6  -99
   40    6    5
   41    7  -99
   42    6  -99
   43    6  -99
   44    8  -99
   45    7  -99
   46    6  -99
   47    6    5
   48    7  -99
   49    6  -99
   50    6  -99
   51    8  -99
   52    7  -99
   53    6    5
   54    6  -99
   55    7  -99
   56    6  -99
   57    7  -99
   58    6    5
   59    6  -99
   60    8  -99
   61    7  -99
   62    6    5
   63    7  -99
   64    6  -99
   65    8  -99
   66    7  -99
   67    6    5
   68    7  -99
   69    6  -99
   70    8  -99
   71    7  -99
   72    6    5
   73    7  -99
   74    6  -99
   75    8  -99
   76    7  -99
   77    6    5
   78    7  -99
   79    6  -99
   80    8  -99
   81    7  -99
   82    6    5
   83    7  -99
   84    6  -99
   85    8  -99
   86    7  -99
   87    6    5
   88    7  -99
   89    6  -99
   90    8  -99
   91    7  -99
   92    6    5
   93    7  -99
   94    6  -99
   95    7  -99
   96    8  -99
   97    1  -99
   98    1    0
   99    1   98
  100    1  -99
  101    1  -99
  102    1   98
  103    1   98
  104    1  -99
  105    1  -99
  106    1   98
  107    1   98
  108    1  -99
  109    1  -99
  110    1   98
  111    1   98
  112    1  -99
  113    1  -99
  114    1   98
  115    1   98
  116    1  -99
  117    1  -99
  118    1   98
  119    1   98
  120    1  -99
  121    1  -99
  122    1   98
  123    1   98
  124    1  -99
  125    1   98
  126    1   98
  127    1  -99
  128    1  -99
  129    1   98
  130    1   98
  131    1   98
  132    1   98
  133    1   98
  134    1   98
  135    1   98
  136    1   98
  137    1   98
  138    1   98
  139    1   98
  140    1   98
  141    1   98
  142    1   98
  143    1   98
  144    1   98
 new q0 values to be read 144

  ----------------------------------------------------------------------------
     ATOM                       COORDINATES                         CHARGE
                       X             Y                Z
  ----------------------------------------------------------------------------
  ----------------------------------------------------------------------------


 Charge on the molecule(ich) =    0
 Total number of atoms (iuniq)     =  144
 Weight factor on initial charge restraints(qwt)=     0.10000D-02


  there are  1 charge constraints:


     1       1
     2       1
     3       1
     4       1
     5       1
     6       1
     7       1
     8       1
     9       1
    10       1
    11       1
    12       1
    13       1
    14       1
    15       1
    16       1
    17       1
    18       1
    19       1
    20       1
    21       1
    22       1
    23       1
    24       1
    25       1
    26       1
    27       1
    28       1
    29       1
    30       1
    31       1
    32       1
    33       1
    34       1
    35       1
    36       1
    37       1
    38       1
    39       1
    40       1
    41       1
    42       1
    43       1
    44       1
    45       1
    46       1
    47       1
    48       1
    49       1
    50       1
    51       1
    52       1
    53       1
    54       1
    55       1
    56       1
    57       1
    58       1
    59       1
    60       1
    61       1
    62       1
    63       1
    64       1
    65       1
    66       1
    67       1
    68       1
    69       1
    70       1
    71       1
    72       1
    73       1
    74       1
    75       1
    76       1
    77       1
    78       1
    79       1
    80       1
    81       1
    82       1
    83       1
    84       1
    85       1
    86       1
    87       1
    88       1
    89       1
    90       1
    91       1
    92       1
    93       1
    94       1
    95       1
    96       1
    97       1
    98       1
    99       1
   100       1
   101       1
   102       1
   103       1
   104       1
   105       1
   106       1
   107       1
   108       1
   109       1
   110       1
   111       1
   112       1
   113       1
   114       1
   115       1
   116       1
   117       1
   118       1
   119       1
   120       1
   121       1
   122       1
   123       1
   124       1
   125       1
   126       1
   127       1
   128       1
   129       1
   130       1
   131       1
   132       1
   133       1
   134       1
   135       1
   136       1
   137       1
   138       1
   139       1
   140       1
   141       1
   142       1
   143       1
   144       1

 Reading esp"s for molecule   1
 total number of atoms      =   144
 total number of esp points =  4021


 center     X       Y       Z 
    1  -0.2751726E+01  -0.8192708E+01  -0.5726018E+01
    2  -0.3050821E+01  -0.9199466E+01  -0.3683574E+01
    3  -0.1228997E+01  -0.1053524E+02  -0.2373345E+01
    4  -0.2232063E+01  -0.1174061E+02  -0.1011924E+00
    5   0.1119033E+01  -0.1128485E+02  -0.3552086E+01
    6   0.3409962E+01  -0.1041470E+02  -0.2353642E+01
    7   0.4395994E+01  -0.1130736E+02   0.7394052E-01
    8   0.5167498E+01  -0.8977314E+01  -0.3653655E+01
    9   0.4867952E+01  -0.8050226E+01  -0.5735437E+01
   10   0.7332863E+01  -0.8826944E+01  -0.2235020E+01
   11   0.7143992E+01  -0.1020754E+02   0.1420044E+00
   12   0.9673522E+01  -0.7868284E+01  -0.3254103E+01
   13   0.1043355E+02  -0.5460938E+01  -0.2234936E+01
   14   0.1184852E+02  -0.5153882E+01   0.1063261E+00
   15   0.1024233E+02  -0.3255080E+01  -0.3581943E+01
   16   0.9321003E+01  -0.3049193E+01  -0.5676585E+01
   17   0.1157464E+02  -0.1403829E+01  -0.2309209E+01
   18   0.1273701E+02  -0.2342192E+01  -0.4549705E-02
   19   0.1226202E+02   0.9507017E+00  -0.3490160E+01
   20   0.1108294E+02   0.3170505E+01  -0.2403498E+01
   21   0.1199018E+02   0.4451228E+01  -0.1555833E+00
   22   0.9268698E+01   0.4567349E+01  -0.3696848E+01
   23   0.8313416E+01   0.3983457E+01  -0.5699685E+01
   24   0.8919242E+01   0.6833193E+01  -0.2436259E+01
   25   0.1047101E+02   0.7022719E+01  -0.1702197E+00
   26   0.7686178E+01   0.8960795E+01  -0.3619650E+01
   27   0.5337347E+01   0.9751454E+01  -0.2492625E+01
   28   0.5119434E+01   0.1118083E+02  -0.1409832E+00
   29   0.3063560E+01   0.9531147E+01  -0.3735537E+01
   30   0.2739979E+01   0.8512699E+01  -0.5769130E+01
   31   0.1235732E+01   0.1079481E+02  -0.2354472E+01
   32   0.2263816E+01   0.1194393E+02  -0.7121328E-01
   33  -0.1145857E+01   0.1154282E+02  -0.3469620E+01
   34  -0.3372535E+01   0.1048299E+02  -0.2290805E+01
   35  -0.4432714E+01   0.1138611E+02   0.8590948E-01
   36  -0.5016244E+01   0.8904329E+01  -0.3589249E+01
   37  -0.4663103E+01   0.8023419E+01  -0.5680244E+01
   38  -0.7207155E+01   0.8683700E+01  -0.2200406E+01
   39  -0.7096778E+01   0.1008812E+02   0.1702562E+00
   40  -0.9507784E+01   0.7684223E+01  -0.3258366E+01
   41  -0.1033872E+02   0.5314385E+01  -0.2190184E+01
   42  -0.1167644E+02   0.5098199E+01   0.2282047E+00
   43  -0.1041225E+02   0.3113740E+01  -0.3569505E+01
   44  -0.9591150E+01   0.2840236E+01  -0.5695447E+01
   45  -0.1180711E+02   0.1325350E+01  -0.2212971E+01
   46  -0.1271715E+02   0.2319795E+01   0.1888964E+00
   47  -0.1266739E+02  -0.1026701E+01  -0.3318131E+01
   48  -0.1146891E+02  -0.3288649E+01  -0.2357721E+01
   49  -0.1216768E+02  -0.4562591E+01  -0.8765415E-02
   50  -0.9675246E+01  -0.4610155E+01  -0.3717544E+01
   51  -0.8802343E+01  -0.3989189E+01  -0.5748763E+01
   52  -0.9119648E+01  -0.6810294E+01  -0.2425267E+01
   53  -0.7734056E+01  -0.8855486E+01  -0.3606022E+01
   54  -0.1065084E+02  -0.7090697E+01  -0.1337159E+00
   55  -0.5336676E+01  -0.9487791E+01  -0.2437617E+01
   56  -0.5111841E+01  -0.1106578E+02  -0.1825826E+00
   57  -0.5523394E+01  -0.9757785E+01   0.2213112E+01
   58  -0.7997013E+01  -0.9288137E+01   0.3281154E+01
   59  -0.3336647E+01  -0.9515368E+01   0.3608407E+01
   60  -0.3221667E+01  -0.8784408E+01   0.5785446E+01
   61  -0.1386921E+01  -0.1065429E+02   0.2288809E+01
   62   0.9736802E+00  -0.1128478E+02   0.3501175E+01
   63   0.3222170E+01  -0.1023429E+02   0.2341164E+01
   64   0.4858560E+01  -0.8674037E+01   0.3659956E+01
   65   0.4477054E+01  -0.7813399E+01   0.5756462E+01
   66   0.7155300E+01  -0.8627758E+01   0.2407531E+01
   67   0.9429222E+01  -0.7588169E+01   0.3547307E+01
   68   0.1034776E+02  -0.5265917E+01   0.2432304E+01
   69   0.1034350E+02  -0.2981783E+01   0.3712320E+01
   70   0.9456720E+01  -0.2615474E+01   0.5798808E+01
   71   0.1176120E+02  -0.1271667E+01   0.2342584E+01
   72   0.1253443E+02   0.1141036E+01   0.3351241E+01
   73   0.1127441E+02   0.3298894E+01   0.2238508E+01
   74   0.9580570E+01   0.4772098E+01   0.3585348E+01
   75   0.8825717E+01   0.4330061E+01   0.5706938E+01
   76   0.9107595E+01   0.6963971E+01   0.2205801E+01
   77   0.7864771E+01   0.9153735E+01   0.3287307E+01
   78   0.5449099E+01   0.9754962E+01   0.2185284E+01
   79   0.3232348E+01   0.9598053E+01   0.3583396E+01
   80   0.3061433E+01   0.8765068E+01   0.5718614E+01
   81   0.1372775E+01   0.1087213E+02   0.2306962E+01
   82  -0.9746644E+00   0.1159066E+02   0.3489332E+01
   83  -0.3202851E+01   0.1047451E+02   0.2385102E+01
   84  -0.4692142E+01   0.8793001E+01   0.3704441E+01
   85  -0.4182193E+01   0.7875560E+01   0.5747137E+01
   86  -0.6980992E+01   0.8557069E+01   0.2448006E+01
   87  -0.9192426E+01   0.7454449E+01   0.3633679E+01
   88  -0.1009880E+02   0.5156118E+01   0.2468990E+01
   89  -0.1005114E+02   0.2843898E+01   0.3710846E+01
   90  -0.8945694E+01   0.2395255E+01   0.5671540E+01
   91  -0.1159749E+02   0.1192444E+01   0.2428556E+01
   92  -0.1238615E+02  -0.1202463E+01   0.3482259E+01
   93  -0.1124439E+02  -0.3384495E+01   0.2308383E+01
   94  -0.9540892E+01  -0.4904536E+01   0.3584376E+01
   95  -0.9241422E+01  -0.7094451E+01   0.2245868E+01
   96  -0.8602883E+01  -0.4437814E+01   0.5629055E+01
   97  -0.1975032E+01  -0.1380148E+02  -0.1453527E+00
   98   0.1109260E+01  -0.1056315E+02  -0.5484736E+01
   99   0.1173736E+01  -0.1336851E+02  -0.3587762E+01
  100   0.4455574E+01  -0.1338214E+02   0.1560335E+00
  101   0.8535061E+01  -0.1174463E+02   0.2613556E+00
  102   0.9454790E+01  -0.7665999E+01  -0.5295346E+01
  103   0.1117260E+02  -0.9249320E+01  -0.2851425E+01
  104   0.1348800E+02  -0.6425090E+01   0.1897904E+00
  105   0.1481006E+02  -0.2244990E+01  -0.9243053E-01
  106   0.1172760E+02   0.8512854E+00  -0.5480555E+01
  107   0.1432423E+02   0.1174237E+01  -0.3336249E+01
  108   0.1403268E+02   0.4820221E+01  -0.2495248E+00
  109   0.1177982E+02   0.8633752E+01  -0.2660821E+00
  110   0.8998920E+01   0.1057493E+02  -0.3555392E+01
  111   0.7308231E+01   0.8459198E+01  -0.5584851E+01
  112   0.6311650E+01   0.1288248E+02  -0.1665083E+00
  113   0.2073690E+01   0.1401265E+02  -0.1011787E+00
  114  -0.1285553E+01   0.1361770E+02  -0.3358476E+01
  115  -0.1134379E+01   0.1095974E+02  -0.5448524E+01
  116  -0.4641126E+01   0.1345288E+02   0.9440438E-01
  117  -0.8593840E+01   0.1152403E+02   0.2857473E+00
  118  -0.1101523E+02   0.9087638E+01  -0.2964758E+01
  119  -0.9212677E+01   0.7404465E+01  -0.5281084E+01
  120  -0.1324670E+02   0.6451734E+01   0.3602228E+00
  121  -0.1479254E+02   0.2325297E+01   0.2840666E+00
  122  -0.1470967E+02  -0.1188232E+01  -0.2970834E+01
  123  -0.1232093E+02  -0.9366362E+00  -0.5349911E+01
  124  -0.1420661E+02  -0.4947179E+01   0.8080711E-01
  125  -0.7365368E+01  -0.8325733E+01  -0.5565571E+01
  126  -0.8937010E+01  -0.1055334E+02  -0.3560927E+01
  127  -0.1194697E+02  -0.8707162E+01  -0.2651475E+00
  128  -0.6255286E+01  -0.1279269E+02  -0.3280600E+00
  129  -0.9192039E+01  -0.1094935E+02   0.2922839E+01
  130  -0.7786636E+01  -0.9018268E+01   0.5315054E+01
  131   0.1160625E+01  -0.1336013E+02   0.3497393E+01
  132   0.8875606E+00  -0.1060487E+02   0.5447105E+01
  133   0.1093358E+02  -0.9013829E+01   0.3389493E+01
  134   0.9033501E+01  -0.7223744E+01   0.5539241E+01
  135   0.1457823E+02   0.1349911E+01   0.3036326E+01
  136   0.1214640E+02   0.1145166E+01   0.5377329E+01
  137   0.7581337E+01   0.8802138E+01   0.5300478E+01
  138   0.9116778E+01   0.1079698E+02   0.3037902E+01
  139  -0.8923087E+00   0.1102848E+02   0.5472412E+01
  140  -0.1156233E+01   0.1365995E+02   0.3360641E+01
  141  -0.8723384E+01   0.7035507E+01   0.5598529E+01
  142  -0.1072673E+02   0.8858345E+01   0.3570729E+01
  143  -0.1189534E+02  -0.1217557E+01   0.5485842E+01
  144  -0.1444843E+02  -0.1357708E+01   0.3272806E+01
 Initial ssvpot =    19.909


 Number of unique UNfrozen centers=    2

 Non-linear optimization requested.
 qchnge =    0.2501698068E-01
 qchnge =    0.1696817750E-04
 qchnge =    0.2109589357E-07

 Convergence in    2 iterations


Resp charges for organic molecule                                               

          Point Charges Before & After Optimization

    no.  At.no.    q(init)       q(opt)     ivary    d(rstr)/dq
    1   8      -0.609696      -0.609696    -99       0.001619
    2   6       0.567752       0.567752    -99       0.001735
    3   7      -0.172229      -0.172229    -99       0.005021
    4   6      -0.039061      -0.039061    -99       0.009315
    5   6      -0.028004       0.026057      0       0.009677
    6   7      -0.172229      -0.172229    -99       0.005021
    7   6      -0.039061      -0.039061    -99       0.009315
    8   6       0.567752       0.567752    -99       0.001735
    9   8      -0.609696      -0.609696    -99       0.001619
   10   7      -0.172229      -0.172229    -99       0.005021
   11   6      -0.039061      -0.039061    -99       0.009315
   12   6       0.042765       0.026057      5       0.009677
   13   7      -0.172229      -0.172229    -99       0.005021
   14   6      -0.039061      -0.039061    -99       0.009315
   15   6       0.567752       0.567752    -99       0.001735
   16   8      -0.609696      -0.609696    -99       0.001619
   17   7      -0.172229      -0.172229    -99       0.005021
   18   6      -0.039061      -0.039061    -99       0.009315
   19   6       0.030178       0.026057      5       0.009677
   20   7      -0.172229      -0.172229    -99       0.005021
   21   6      -0.039061      -0.039061    -99       0.009315
   22   6       0.567752       0.567752    -99       0.001735
   23   8      -0.609696      -0.609696    -99       0.001619
   24   7      -0.172229      -0.172229    -99       0.005021
   25   6      -0.039061      -0.039061    -99       0.009315
   26   6       0.007673       0.026057      5       0.009677
   27   7      -0.172229      -0.172229    -99       0.005021
   28   6      -0.039061      -0.039061    -99       0.009315
   29   6       0.567752       0.567752    -99       0.001735
   30   8      -0.609696      -0.609696    -99       0.001619
   31   7      -0.172229      -0.172229    -99       0.005021
   32   6      -0.039061      -0.039061    -99       0.009315
   33   6      -0.009305       0.026057      5       0.009677
   34   7      -0.172229      -0.172229    -99       0.005021
   35   6      -0.039061      -0.039061    -99       0.009315
   36   6       0.567752       0.567752    -99       0.001735
   37   8      -0.609696      -0.609696    -99       0.001619
   38   7      -0.172229      -0.172229    -99       0.005021
   39   6      -0.039061      -0.039061    -99       0.009315
   40   6       0.070802       0.026057      5       0.009677
   41   7      -0.172229      -0.172229    -99       0.005021
   42   6      -0.039061      -0.039061    -99       0.009315
   43   6       0.567752       0.567752    -99       0.001735
   44   8      -0.609696      -0.609696    -99       0.001619
   45   7      -0.172229      -0.172229    -99       0.005021
   46   6      -0.039061      -0.039061    -99       0.009315
   47   6      -0.024525       0.026057      5       0.009677
   48   7      -0.172229      -0.172229    -99       0.005021
   49   6      -0.039061      -0.039061    -99       0.009315
   50   6       0.567752       0.567752    -99       0.001735
   51   8      -0.609696      -0.609696    -99       0.001619
   52   7      -0.172229      -0.172229    -99       0.005021
   53   6       0.054235       0.026057      5       0.009677
   54   6      -0.039061      -0.039061    -99       0.009315
   55   7      -0.172229      -0.172229    -99       0.005021
   56   6      -0.039061      -0.039061    -99       0.009315
   57   7      -0.172229      -0.172229    -99       0.005021
   58   6       0.030458       0.026057      5       0.009677
   59   6       0.567752       0.567752    -99       0.001735
   60   8      -0.609696      -0.609696    -99       0.001619
   61   7      -0.172229      -0.172229    -99       0.005021
   62   6      -0.019329       0.026057      5       0.009677
   63   7      -0.172229      -0.172229    -99       0.005021
   64   6       0.567752       0.567752    -99       0.001735
   65   8      -0.609696      -0.609696    -99       0.001619
   66   7      -0.172229      -0.172229    -99       0.005021
   67   6       0.019072       0.026057      5       0.009677
   68   7      -0.172229      -0.172229    -99       0.005021
   69   6       0.567752       0.567752    -99       0.001735
   70   8      -0.609696      -0.609696    -99       0.001619
   71   7      -0.172229      -0.172229    -99       0.005021
   72   6       0.027519       0.026057      5       0.009677
   73   7      -0.172229      -0.172229    -99       0.005021
   74   6       0.567752       0.567752    -99       0.001735
   75   8      -0.609696      -0.609696    -99       0.001619
   76   7      -0.172229      -0.172229    -99       0.005021
   77   6       0.044042       0.026057      5       0.009677
   78   7      -0.172229      -0.172229    -99       0.005021
   79   6       0.567752       0.567752    -99       0.001735
   80   8      -0.609696      -0.609696    -99       0.001619
   81   7      -0.172229      -0.172229    -99       0.005021
   82   6       0.009350       0.026057      5       0.009677
   83   7      -0.172229      -0.172229    -99       0.005021
   84   6       0.567752       0.567752    -99       0.001735
   85   8      -0.609696      -0.609696    -99       0.001619
   86   7      -0.172229      -0.172229    -99       0.005021
   87   6       0.040946       0.026057      5       0.009677
   88   7      -0.172229      -0.172229    -99       0.005021
   89   6       0.567752       0.567752    -99       0.001735
   90   8      -0.609696      -0.609696    -99       0.001619
   91   7      -0.172229      -0.172229    -99       0.005021
   92   6       0.002040       0.026057      5       0.009677
   93   7      -0.172229      -0.172229    -99       0.005021
   94   6       0.567752       0.567752    -99       0.001735
   95   7      -0.172229      -0.172229    -99       0.005021
   96   8      -0.609696      -0.609696    -99       0.001619
   97   1       0.173221       0.173221    -99       0.000000
   98   1       0.138771       0.113093      0       0.000000
   99   1       0.124516       0.113093     98       0.000000
  100   1       0.173221       0.173221    -99       0.000000
  101   1       0.173221       0.173221    -99       0.000000
  102   1       0.114102       0.113093     98       0.000000
  103   1       0.107540       0.113093     98       0.000000
  104   1       0.173221       0.173221    -99       0.000000
  105   1       0.173221       0.173221    -99       0.000000
  106   1       0.117596       0.113093     98       0.000000
  107   1       0.105057       0.113093     98       0.000000
  108   1       0.173221       0.173221    -99       0.000000
  109   1       0.173221       0.173221    -99       0.000000
  110   1       0.114288       0.113093     98       0.000000
  111   1       0.123201       0.113093     98       0.000000
  112   1       0.173221       0.173221    -99       0.000000
  113   1       0.173221       0.173221    -99       0.000000
  114   1       0.118076       0.113093     98       0.000000
  115   1       0.135065       0.113093     98       0.000000
  116   1       0.173221       0.173221    -99       0.000000
  117   1       0.173221       0.173221    -99       0.000000
  118   1       0.090447       0.113093     98       0.000000
  119   1       0.103670       0.113093     98       0.000000
  120   1       0.173221       0.173221    -99       0.000000
  121   1       0.173221       0.173221    -99       0.000000
  122   1       0.121431       0.113093     98       0.000000
  123   1       0.135532       0.113093     98       0.000000
  124   1       0.173221       0.173221    -99       0.000000
  125   1       0.111193       0.113093     98       0.000000
  126   1       0.101980       0.113093     98       0.000000
  127   1       0.173221       0.173221    -99       0.000000
  128   1       0.173221       0.173221    -99       0.000000
  129   1       0.115281       0.113093     98       0.000000
  130   1       0.116279       0.113093     98       0.000000
  131   1       0.125133       0.113093     98       0.000000
  132   1       0.137860       0.113093     98       0.000000
  133   1       0.112027       0.113093     98       0.000000
  134   1       0.123368       0.113093     98       0.000000
  135   1       0.104487       0.113093     98       0.000000
  136   1       0.118052       0.113093     98       0.000000
  137   1       0.107309       0.113093     98       0.000000
  138   1       0.107044       0.113093     98       0.000000
  139   1       0.132023       0.113093     98       0.000000
  140   1       0.112452       0.113093     98       0.000000
  141   1       0.111928       0.113093     98       0.000000
  142   1       0.103344       0.113093     98       0.000000
  143   1       0.130862       0.113093     98       0.000000
  144   1       0.118036       0.113093     98       0.000000

 Sum over the calculated charges:     -0.000

        Statistics of the fitting:
  The initial sum of squares (ssvpot)                     19.909
  The residual sum of squares (chipot)                     0.021
  The std err of estimate (sqrt(chipot/N))               0.00229
  ESP relative RMS (SQRT(chipot/ssvpot))                 0.03252

 Center of Mass (Angst.):

 X  =   0.00000      Y  =   0.00000      Z  =   0.00000

 Dipole (Debye):

 X  =  -0.52959      Y  =   0.37051      Z  =  -0.18922

 Dipole Moment (Debye)=   0.67346

 Quadrupole (Debye*Angst.):

 Qxx = 586.49880     QYY = 568.05447     QZZ =**********
 Qxy =-546.97429     QXZ =-575.13431     QYZ =-540.78651
