
 -----------------------------------------------
      Restrained ESP Fit 2.3  Amber 4.1
 -----------------------------------------------
 Resp charges for organic molecule                                               
 -----------------------------------------------


 inopt       =     0   ioutopt     =     1
 nmol        =     1   iqopt       =     0
 ihfree      =     1   irstrnt     =     1
 iunits      =     0   qwt         =   0.00050000
 wtmol(1) =     1.000000
 subtitle:

Resp charges for organic molecule                                               
ich =   1  iuniq =  44
    1    6    0
    2    6    0
    3    6    2
    4    6    0
    5    6    4
    6    6    0
    7    6    0
    8    6    0
    9    6    0
   10    6    0
   11    6    0
   12    6    0
   13    6    0
   14    6    0
   15    6    0
   16    6    0
   17    6    0
   18    7    0
   19    1    0
   20    1    0
   21    1   20
   22    1    0
   23    1   22
   24    1    0
   25    1    0
   26    1    0
   27    1    0
   28    1    0
   29    1    0
   30    1    0
   31    1    0
   32    1    0
   33    1    0
   34    1    0
   35    1    0
   36    1    0
   37    1    0
   38    1    0
   39    1    0
   40    1    0
   41    1    0
   42    1    0
   43    1    0
   44    1    0

  ----------------------------------------------------------------------------
     ATOM                       COORDINATES                         CHARGE
                       X             Y                Z
  ----------------------------------------------------------------------------
  ----------------------------------------------------------------------------


 Charge on the molecule(ich) =    1
 Total number of atoms (iuniq)     =   44
 Weight factor on initial charge restraints(qwt)=     0.50000D-03


  there are  1 charge constraints:


     1       1
     2       1
     3       1
     4       1
     5       1
     6       1
     7       1
     8       1
     9       1
    10       1
    11       1
    12       1
    13       1
    14       1
    15       1
    16       1
    17       1
    18       1
    19       1
    20       1
    21       1
    22       1
    23       1
    24       1
    25       1
    26       1
    27       1
    28       1
    29       1
    30       1
    31       1
    32       1
    33       1
    34       1
    35       1
    36       1
    37       1
    38       1
    39       1
    40       1
    41       1
    42       1
    43       1
    44       1

 Reading esp"s for molecule   1
 total number of atoms      =    44
 total number of esp points =  1442


 center     X       Y       Z 
    1   0.2990834+131   0.6569910+131   0.2808437-131
    2   0.2537951+131   0.5330265+131   0.2311389+131
    3   0.2712595+131   0.5274569+131  -0.2255540+131
    4   0.1805983+131   0.2792737+131   0.2309065+131
    5   0.1982444+131   0.2739873+131  -0.2278401+131
    6   0.1526740+131   0.1492792+131   0.1875220-131
    7   0.5296315+131  -0.4705947+131  -0.1222319-131
    8   0.4400715+131  -0.3428609+131   0.2420578+131
    9   0.4488088+131  -0.3234067+131  -0.2362776+131
   10  -0.7568235+131   0.4180414E+31  -0.5251522-131
   11  -0.6356815+131  -0.6593168E+31   0.2357797+131
   12  -0.6317481+131  -0.6724548E+31  -0.2436571+131
   13   0.1546982+131  -0.2872015+131   0.2360124+131
   14   0.1617713+131  -0.2768750+131  -0.2368113+131
   15  -0.3487935+131  -0.2828274E+31   0.2357710+131
   16  -0.3448926+131  -0.2966060E+31  -0.2391250+131
   17   0.7197397E+31  -0.1306035+131   0.2015504-131
   18  -0.2362952+131  -0.1438614+131  -0.4406904-231
   19   0.3557009+131   0.8540896+131   0.2661345-131
   20   0.2751530+131   0.6335506+131   0.4086147+131
   21   0.3065083+131   0.6247241+131  -0.4026946+131
   22   0.1458503+131   0.1844881+131   0.4088626+131
   23   0.1774344+131   0.1760530+131  -0.4058507+131
   24   0.7358634+131  -0.4870975+131   0.1794660-131
   25   0.4542890+131  -0.6637883+131  -0.1044835E+31
   26   0.4853874+131  -0.4624100+131   0.4045528+131
   27   0.5439573+131  -0.1656276+131   0.2690403+131
   28   0.5482227+131  -0.1418367+131  -0.2416235+131
   29   0.5041569+131  -0.4274041+131  -0.4061877+131
   30  -0.9591108+131  -0.3272253-231  -0.6828926-131
   31  -0.7378603+131   0.2483046+131  -0.5665574-131
   32  -0.7177276+131   0.2607755E+31   0.4017381+131
   33  -0.6797702+131  -0.2681266+131   0.2519383+131
   34  -0.6755985+131  -0.2695238+131  -0.2594150+131
   35  -0.7110074+131   0.2384202E+31  -0.4114676+131
   36   0.4944192E+31  -0.4659482+131   0.2437049+131
   37   0.1062005+131  -0.1830825+131   0.4073575+131
   38   0.1148001+131  -0.1671869+131  -0.4045887+131
   39   0.6160607E+31  -0.4579311+131  -0.2528717+131
   40  -0.2979982+131   0.1712642+131   0.2376110+131
   41  -0.2636673+131  -0.1231983+131   0.3969719+131
   42  -0.2571433+131  -0.1254839+131  -0.3983164+131
   43  -0.2940103+131   0.1699512+131  -0.2412564+131
   44  -0.2846355+131  -0.3312759+131  -0.3066713-231
 Initial ssvpot =**********


 Number of unique UNfrozen centers=   40

 Non-linear optimization requested.
 qchnge =    0.4670010048E-02
 qchnge =    0.7675224773E-09
 qchnge =    0.1021296322E-16

 Convergence in    2 iterations


Resp charges for organic molecule                                               

          Point Charges Before & After Optimization

    no.  At.no.    q(init)       q(opt)     ivary    d(rstr)/dq
    1   6       0.000000       0.000000      0       0.005000
    2   6       0.000000       0.000000      0       0.005000
    3   6       0.000000       0.000000      2       0.005000
    4   6       0.000000       0.000000      0       0.005000
    5   6       0.000000       0.000000      4       0.005000
    6   6       0.000000       0.000000      0       0.005000
    7   6       0.000000       0.000000      0       0.005000
    8   6       0.000000       0.000000      0       0.005000
    9   6       0.000000       0.000000      0       0.005000
   10   6       0.000000       0.000000      0       0.005000
   11   6       0.000000       0.000000      0       0.005000
   12   6       0.000000       0.000000      0       0.005000
   13   6       0.000000       0.000000      0       0.005000
   14   6       0.000000       0.000000      0       0.005000
   15   6       0.000000       0.000000      0       0.005000
   16   6       0.000000       0.000000      0       0.005000
   17   6       0.000000       0.000000      0       0.005000
   18   7       0.000000       0.000000      0       0.005000
   19   1       0.000000       0.033333      0       0.000000
   20   1       0.000000       0.066667      0       0.000000
   21   1       0.000000       0.066667     20       0.000000
   22   1       0.000000       0.066667      0       0.000000
   23   1       0.000000       0.066667     22       0.000000
   24   1       0.000000       0.033333      0       0.000000
   25   1       0.000000       0.033333      0       0.000000
   26   1       0.000000       0.033333      0       0.000000
   27   1       0.000000       0.033333      0       0.000000
   28   1       0.000000       0.033333      0       0.000000
   29   1       0.000000       0.033333      0       0.000000
   30   1       0.000000       0.033333      0       0.000000
   31   1       0.000000       0.033333      0       0.000000
   32   1       0.000000       0.033333      0       0.000000
   33   1       0.000000       0.033333      0       0.000000
   34   1       0.000000       0.033333      0       0.000000
   35   1       0.000000       0.033333      0       0.000000
   36   1       0.000000       0.033333      0       0.000000
   37   1       0.000000       0.033333      0       0.000000
   38   1       0.000000       0.033333      0       0.000000
   39   1       0.000000       0.033333      0       0.000000
   40   1       0.000000       0.033333      0       0.000000
   41   1       0.000000       0.033333      0       0.000000
   42   1       0.000000       0.033333      0       0.000000
   43   1       0.000000       0.033333      0       0.000000
   44   1       0.000000       0.033333      0       0.000000

 Sum over the calculated charges:      1.000

        Statistics of the fitting:
  The initial sum of squares (ssvpot)            ***************
  The residual sum of squares (chipot)           ***************
  The std err of estimate (sqrt(chipot/N))       ***************
  ESP relative RMS (SQRT(chipot/ssvpot))                 1.00000

 Center of Mass (Angst.):

 X  =   0.00000      Y  =   0.00000      Z  =   0.00000

 Dipole (Debye):

 X  =**********      Y  =**********      Z  =**********

 Dipole Moment (Debye)=**********

 Quadrupole (Debye*Angst.):

 Qxx =**********     QYY =**********     QZZ =**********
 Qxy =**********     QXZ =**********     QYZ =**********
