
 -----------------------------------------------
      Restrained ESP Fit 2.3  Amber 4.1
 -----------------------------------------------
 Resp charges for organic molecule                                               
 -----------------------------------------------


 inopt       =     0   ioutopt     =     1
 nmol        =     1   iqopt       =     0
 ihfree      =     1   irstrnt     =     1
 iunits      =     0   qwt         =   0.00050000
 wtmol(1) =     1.000000
 subtitle:

Resp charges for organic molecule                                               
ich =   1  iuniq =  31
    1    6    0
    2    6    0
    3    6    0
    4    6    0
    5    6    0
    6    6    0
    7    6    0
    8    6    0
    9    6    0
   10    6    0
   11    7    0
   12    1    0
   13    1    0
   14    1    0
   15    1    0
   16    1    0
   17    1    0
   18    1    0
   19    1    0
   20    1    0
   21    1    0
   22    1    0
   23    1    0
   24    1    0
   25    1    0
   26    1    0
   27    1    0
   28    1    0
   29    1    0
   30    1   29
   31    1   29

  ----------------------------------------------------------------------------
     ATOM                       COORDINATES                         CHARGE
                       X             Y                Z
  ----------------------------------------------------------------------------
  ----------------------------------------------------------------------------


 Charge on the molecule(ich) =    1
 Total number of atoms (iuniq)     =   31
 Weight factor on initial charge restraints(qwt)=     0.50000D-03


  there are  1 charge constraints:


     1       1
     2       1
     3       1
     4       1
     5       1
     6       1
     7       1
     8       1
     9       1
    10       1
    11       1
    12       1
    13       1
    14       1
    15       1
    16       1
    17       1
    18       1
    19       1
    20       1
    21       1
    22       1
    23       1
    24       1
    25       1
    26       1
    27       1
    28       1
    29       1
    30       1
    31       1

 Reading esp"s for molecule   1
 total number of atoms      =    31
 total number of esp points =  1000


 center     X       Y       Z 
    1   0.1013050E+00  -0.3061459E+01  -0.2192017E+01
    2  -0.6736739E+00  -0.3427876E+00  -0.3049966E+01
    3  -0.1543854E+01  -0.2268724E+01   0.2111543E+01
    4   0.9167531E+00  -0.2664784E+01   0.5695400E+00
    5  -0.2318494E+01   0.4772428E+00   0.1375788E+01
    6  -0.2898113E+00   0.1243815E+01  -0.6223931E+00
    7   0.2174343E+01   0.2117022E-01   0.5372799E+00
    8  -0.1969493E+00   0.4088099E+01  -0.1147475E+01
    9   0.2952846E+01   0.9983730E+00   0.3171128E+01
   10   0.4563903E+01   0.1904268E+00  -0.1108370E+01
   11  -0.5051157E+01   0.5588295E+00   0.3693713E+00
   12  -0.1466928E+01  -0.4397424E+01  -0.2369670E+01
   13   0.1655468E+01  -0.3778529E+01  -0.3344301E+01
   14   0.5399825E+00   0.3035324E+00  -0.4583510E+01
   15  -0.2613900E+01  -0.2848805E+00  -0.3793212E+01
   16  -0.2983841E+01  -0.3691471E+01   0.1670717E+01
   17  -0.1161356E+01  -0.2391232E+01   0.4136733E+01
   18   0.2094399E+01  -0.4195745E+01   0.1298943E+01
   19  -0.2302074E+01   0.1726549E+01   0.3011126E+01
   20   0.7540509E-01   0.5177396E+01   0.5920955E+00
   21  -0.1942497E+01   0.4785865E+01  -0.2025827E+01
   22   0.1358906E+01   0.4547437E+01  -0.2424516E+01
   23   0.3815577E+01   0.2871155E+01   0.3032763E+01
   24   0.4319867E+01  -0.2915688E+00   0.4030270E+01
   25   0.1390439E+01   0.1182332E+01   0.4514526E+01
   26   0.5354804E+01   0.2099013E+01  -0.1058139E+01
   27   0.4247462E+01  -0.2575903E+00  -0.3098238E+01
   28   0.5986937E+01  -0.1134868E+01  -0.4088831E+00
   29  -0.5963234E+01  -0.1119527E+01   0.6820457E+00
   30  -0.5071434E+01   0.9011802E+00  -0.1540675E+01
   31  -0.6094090E+01   0.1948335E+01   0.1221812E+01
 Initial ssvpot =    14.965


 Number of unique UNfrozen centers=   29

 Non-linear optimization requested.
 qchnge =    0.4361440796E-01
 qchnge =    0.9052272843E-02
 qchnge =    0.2990637653E-02
 qchnge =    0.1166663322E-02
 qchnge =    0.4709997759E-03
 qchnge =    0.1921942970E-03
 qchnge =    0.7907396060E-04
 qchnge =    0.3280993721E-04
 qchnge =    0.1373207057E-04
 qchnge =    0.5796917096E-05
 qchnge =    0.2467611833E-05
 qchnge =    0.1058771578E-05
 qchnge =    0.4576741274E-06

 Convergence in   12 iterations


Resp charges for organic molecule                                               

          Point Charges Before & After Optimization

    no.  At.no.    q(init)       q(opt)     ivary    d(rstr)/dq
    1   6       0.000000      -0.153503      0       0.002729
    2   6       0.000000      -0.050691      0       0.004460
    3   6       0.000000      -0.185602      0       0.002372
    4   6       0.000000      -0.027291      0       0.004824
    5   6       0.000000       0.080055      0       0.003903
    6   6       0.000000       0.031801      0       0.004765
    7   6       0.000000       0.295128      0       0.001605
    8   6       0.000000      -0.239092      0       0.001929
    9   6       0.000000      -0.212214      0       0.002131
   10   6       0.000000      -0.319521      0       0.001493
   11   7       0.000000      -0.421644      0       0.001154
   12   1       0.000000       0.061555      0       0.000000
   13   1       0.000000       0.049173      0       0.000000
   14   1       0.000000       0.053586      0       0.000000
   15   1       0.000000       0.028074      0       0.000000
   16   1       0.000000       0.105773      0       0.000000
   17   1       0.000000       0.060970      0       0.000000
   18   1       0.000000       0.051237      0       0.000000
   19   1       0.000000       0.130342      0       0.000000
   20   1       0.000000       0.061293      0       0.000000
   21   1       0.000000       0.059729      0       0.000000
   22   1       0.000000       0.075419      0       0.000000
   23   1       0.000000       0.051597      0       0.000000
   24   1       0.000000       0.056008      0       0.000000
   25   1       0.000000       0.044066      0       0.000000
   26   1       0.000000       0.078858      0       0.000000
   27   1       0.000000       0.099121      0       0.000000
   28   1       0.000000       0.072400      0       0.000000
   29   1       0.000000       0.354457      0       0.000000
   30   1       0.000000       0.354457     29       0.000000
   31   1       0.000000       0.354457     29       0.000000

 Sum over the calculated charges:      1.000

        Statistics of the fitting:
  The initial sum of squares (ssvpot)                     14.965
  The residual sum of squares (chipot)                     0.002
  The std err of estimate (sqrt(chipot/N))               0.00133
  ESP relative RMS (SQRT(chipot/ssvpot))                 0.01084

 Center of Mass (Angst.):

 X  =   0.00000      Y  =   0.00000      Z  =   0.00000

 Dipole (Debye):

 X  = -10.46451      Y  =   1.03211      Z  =   0.96605

 Dipole Moment (Debye)=  10.55957

 Quadrupole (Debye*Angst.):

 Qxx =  60.39781     QYY = -30.65472     QZZ = -29.74310
 Qxy = -63.07395     QXZ = -61.36777     QYZ = -53.27424
