# Step Status Loss       Vector
     0      0   0.001421   0.000000   0.835000   0.000000   0.000000   0.000000   0.000000   0.000000   3.141593   0.000000   0.000000   0.000000   0.000000   0.000000
     1      0   0.001338   6.296632   6.760919  -1.237908  -2.673876  -0.687569  -0.440487   1.458786   1.249757   1.129178   2.392910   0.420252   4.706763  -6.895511
     2      0   0.001400   3.184090   0.888544  -0.244742  -6.469995  -2.039694   2.572595   0.330604   5.076537   4.335891   5.037852   0.538841   0.624954  14.212535
     3      0   0.001347   5.045029   0.336605  -9.606541  -6.139081   5.682323   8.005612   2.051368   4.748152   1.979247   3.260744   5.079562   2.914404   3.847351
     4      0   0.002064  -9.412022  -2.061695   4.414378  -9.417865   8.971369   8.994059   1.154740   6.118341   5.631621   5.451063   5.017734   2.476546 -18.607099
     5      0   0.078637  -2.053644  -8.224669   3.421195   4.737898   3.976422   4.431415   5.012922   5.161214   0.864460   2.450800   0.487146   3.689904   8.699194
     6      0   0.001734   6.162338   9.062022  -0.126808   2.819382   5.785476   6.290716   2.968749   4.062036   2.143742   0.134539   4.485194   5.342354 -18.131109
     7      0   0.001648  -2.053471  -1.379255   8.411437   2.809843  -7.731833  -2.129980   3.748981   3.882972   5.033110   3.372299   2.890840   0.961777 -22.773254
     8      0   0.001338  -5.960091  -3.391577  -2.433466   6.319826   0.187148  -7.321991   6.267531   4.828667   5.732337   4.218461   1.411384   1.779566 -14.759343
     9      0   0.002064  -0.630198  -8.646532  -3.401991   8.399419  -1.526769   8.322800   0.537299   5.755417   1.170985   2.677692   0.267719   0.536538  -9.009358
    10      0   0.001338   5.772938   9.973359   8.640216  -5.018528   6.925584   2.436533   4.157995   2.601051   5.269168   3.618759   1.693236   2.706031  -4.613559
    11      0   0.001338   7.149174   3.491564  -4.162302   6.710923  -8.405760  -5.483373   1.629618   0.388582   4.127045   4.051803   2.920170   5.266399  -2.023206
    12      0   0.001338   9.126306   9.866264  -9.781600   0.821046  -8.925799  -2.107918   1.137555   5.728305   2.481504   5.182790   3.292124   0.695854   9.864668
    13      0   0.001347   8.532370   1.882169   6.082683   2.191606   4.828470   2.752037   3.437801   0.587276   6.127724   5.298107   4.536754   0.491204 -21.890738
    14      0   0.001655  -6.488508  -3.813050   4.947214  -2.375162   6.150712   8.907902   2.384081   1.241468   3.102031   4.548404   1.936941   6.215963  19.738241
    15      0   0.001372   9.231032   7.290180   4.104125   9.471091   6.688503   1.025860   3.930955   0.635435   1.193291   1.309272   0.131974   0.966110  -1.885693
    16      0   0.071266  -8.301811  -4.418424   2.171004   4.240034   8.866961   8.595752   4.204049   1.456815   1.217039   0.836643   2.855416   5.993695   7.132885
    17      0   0.071267  -7.523912  -1.710450   3.951613  -5.058981   1.832597  -2.409319   4.586256   2.536550   0.317429   0.683538   0.541020   0.421591   3.515769
    18      0   0.001400  -8.593089  -0.842092  -0.546808   4.938578  -1.954663   3.405233   0.573381   1.169464   1.560999   4.812465   1.769091   4.425332  21.187776
    19      0  54.976278  -9.129272   1.946117   0.336200  -5.505737  -2.259612   6.455033   5.063690   3.522881   4.927403   1.769425   3.523066   5.355288 -18.742318
