
 -----------------------------------------------
      Restrained ESP Fit 2.3  Amber 4.1
 -----------------------------------------------
 Resp charges for organic molecule                                               
 -----------------------------------------------


 inopt       =     0   ioutopt     =     1
 nmol        =     1   iqopt       =     2
 ihfree      =     1   irstrnt     =     1
 iunits      =     0   qwt         =   0.00100000
 wtmol(1) =     1.000000
 subtitle:

Resp charges for organic molecule                                               
ich =   1  iuniq =  27
    1    6  -99
    2    6  -99
    3    6  -99
    4    6  -99
    5    6  -99
    6    6  -99
    7    6    0
    8    6    0
    9    6    0
   10    6  -99
   11    7  -99
   12    1  -99
   13    1  -99
   14    1  -99
   15    1  -99
   16    1  -99
   17    1    0
   18    1   17
   19    1   17
   20    1    0
   21    1   20
   22    1   20
   23    1    0
   24    1   23
   25    1  -99
   26    1  -99
   27    1  -99
 new q0 values to be read  27

  ----------------------------------------------------------------------------
     ATOM                       COORDINATES                         CHARGE
                       X             Y                Z
  ----------------------------------------------------------------------------
  ----------------------------------------------------------------------------


 Charge on the molecule(ich) =    1
 Total number of atoms (iuniq)     =   27
 Weight factor on initial charge restraints(qwt)=     0.10000D-02


  there are  1 charge constraints:


     1       1
     2       1
     3       1
     4       1
     5       1
     6       1
     7       1
     8       1
     9       1
    10       1
    11       1
    12       1
    13       1
    14       1
    15       1
    16       1
    17       1
    18       1
    19       1
    20       1
    21       1
    22       1
    23       1
    24       1
    25       1
    26       1
    27       1

 Reading esp"s for molecule   1
 total number of atoms      =    27
 total number of esp points =  1116


 center     X       Y       Z 
    1  -0.6623097E+16  -0.2854610E+06   0.4283979E+06
    2  -0.5183991E+16  -0.2424966E+16   0.9916641E+06
    3  -0.5484289E+16   0.1811340E+16  -0.6995054E+06
    4  -0.2607912E+16  -0.2471940E+16   0.4298156E+06
    5  -0.2908235E+16   0.1772976E+16  -0.1264919E+16
    6  -0.1466375E+16  -0.3721305E+06  -0.6997815E+06
    7   0.2501219E+16   0.3349352E+16   0.1427008E+16
    8   0.6819575E+16  -0.2287002E+16  -0.4571648E+06
    9   0.1340178E+16  -0.4179654E+06  -0.1313550E+16
   10   0.3021538E+16   0.5670961E+06   0.8557095E+06
   11   0.5822912E+16   0.3217217E+06   0.1043563E+06
   12  -0.8626672E+16  -0.2537760E+06   0.8644558E+06
   13  -0.6070646E+16  -0.4054651E+16   0.1866310E+16
   14  -0.6604042E+16   0.3472764E+16  -0.1138796E+16
   15  -0.1504366E+16  -0.4146236E+16   0.8763915E+06
   16  -0.2039463E+16   0.3413431E+16  -0.2141924E+16
   17   0.2725807E+16   0.4515673E+16  -0.2694417E+06
   18   0.5791208E+06   0.3564478E+16   0.2131647E+16
   19   0.3805082E+16   0.4098889E+16   0.2852915E+16
   20   0.5719428E+16  -0.3124973E+16  -0.1975622E+16
   21   0.8793471E+16  -0.2121947E+16  -0.1023382E+16
   22   0.6653048E+16  -0.3432210E+16   0.1246795E+16
   23   0.1654648E+16   0.7515636E+06  -0.3001331E+16
   24   0.1922088E+16  -0.2327505E+16  -0.1853767E+16
   25   0.2786973E+16  -0.5609124E+06   0.2572283E+16
   26   0.6882979E+16   0.1077463E+16   0.1537917E+16
   27   0.6110499E+16   0.1428104E+16  -0.1460992E+16
 Initial ssvpot =**********


 Number of unique UNfrozen centers=    6

 Non-linear optimization requested.
 qchnge =     4.971646778    
 qchnge =    0.3724598941E-07
 qchnge =    0.1849872238E-13

 Convergence in    2 iterations


Resp charges for organic molecule                                               

          Point Charges Before & After Optimization

    no.  At.no.    q(init)       q(opt)     ivary    d(rstr)/dq
    1   6      -0.000001      -0.000001    -99       0.010000
    2   6      -0.000001      -0.000001    -99       0.010000
    3   6      -0.000001      -0.000001    -99       0.010000
    4   6      -0.000000      -0.000000    -99       0.010000
    5   6      -0.000000      -0.000000    -99       0.010000
    6   6      -0.000000      -0.000000    -99       0.010000
    7   6       0.000000       0.000000      0       0.010000
    8   6       0.000000       0.000000      0       0.010000
    9   6       0.000000       0.000000      0       0.010000
   10   6       0.000000       0.000000    -99       0.010000
   11   7       0.000000       0.000000    -99       0.010000
   12   1     -42.132816     -42.132816    -99       0.000000
   13   1     -68.918630     -68.918630    -99       0.000000
   14   1     -68.918630     -68.918630    -99       0.000000
   15   1     -16.228610     -16.228610    -99       0.000000
   16   1     -16.228610     -16.228610    -99       0.000000
   17   1      14.279702       7.406201      0       0.000000
   18   1       1.597195       7.406201     17       0.000000
   19   1      16.528806       7.406201     17       0.000000
   20   1      18.764573      21.662755      0       0.000000
   21   1      10.830732      21.662755     20       0.000000
   22   1      17.066952      21.662755     20       0.000000
   23   1      12.602131       8.527430      0       0.000000
   24   1      12.591634       8.527430     23       0.000000
   25   1      17.640408      17.640408    -99       0.000000
   26   1      45.762582      45.762582    -99       0.000000
   27   1      45.762582      45.762582    -99       0.000000

 Sum over the calculated charges:      1.000

        Statistics of the fitting:
  The initial sum of squares (ssvpot)            ***************
  The residual sum of squares (chipot)           ***************
  The std err of estimate (sqrt(chipot/N))          109563.78996
  ESP relative RMS (SQRT(chipot/ssvpot))                 1.00000

 Center of Mass (Angst.):

 X  =   0.00000      Y  =   0.00000      Z  =   0.00000

 Dipole (Debye):

 X  =**********      Y  =**********      Z  =**********

 Dipole Moment (Debye)=**********

 Quadrupole (Debye*Angst.):

 Qxx =**********     QYY =**********     QZZ =**********
 Qxy =**********     QXZ =**********     QYZ =**********
