
 -----------------------------------------------
      Restrained ESP Fit 2.3  Amber 4.1
 -----------------------------------------------
 Resp charges for organic molecule                                               
 -----------------------------------------------


 inopt       =     0   ioutopt     =     1
 nmol        =     1   iqopt       =     2
 ihfree      =     1   irstrnt     =     1
 iunits      =     0   qwt         =   0.00100000
 wtmol(1) =     1.000000
 subtitle:

Resp charges for organic molecule                                               
ich =   1  iuniq =  54
    1    6  -99
    2    6  -99
    3    6  -99
    4    6  -99
    5    6  -99
    6    6  -99
    7    6  -99
    8    6  -99
    9    6  -99
   10    6  -99
   11    6  -99
   12    6  -99
   13    6  -99
   14    6    0
   15    6   14
   16    6    0
   17    6   16
   18    6  -99
   19    6    0
   20    6    0
   21    6    0
   22    6    0
   23    7  -99
   24    7  -99
   25    8  -99
   26    1  -99
   27    1  -99
   28    1  -99
   29    1  -99
   30    1  -99
   31    1  -99
   32    1  -99
   33    1  -99
   34    1  -99
   35    1  -99
   36    1    0
   37    1   36
   38    1   36
   39    1   36
   40    1    0
   41    1   40
   42    1   40
   43    1   40
   44    1  -99
   45    1    0
   46    1   45
   47    1   45
   48    1    0
   49    1   48
   50    1    0
   51    1   50
   52    1    0
   53    1   52
   54    1  -99
 new q0 values to be read  54

  ----------------------------------------------------------------------------
     ATOM                       COORDINATES                         CHARGE
                       X             Y                Z
  ----------------------------------------------------------------------------
  ----------------------------------------------------------------------------


 Charge on the molecule(ich) =    1
 Total number of atoms (iuniq)     =   54
 Weight factor on initial charge restraints(qwt)=     0.10000D-02


  there are  1 charge constraints:


     1       1
     2       1
     3       1
     4       1
     5       1
     6       1
     7       1
     8       1
     9       1
    10       1
    11       1
    12       1
    13       1
    14       1
    15       1
    16       1
    17       1
    18       1
    19       1
    20       1
    21       1
    22       1
    23       1
    24       1
    25       1
    26       1
    27       1
    28       1
    29       1
    30       1
    31       1
    32       1
    33       1
    34       1
    35       1
    36       1
    37       1
    38       1
    39       1
    40       1
    41       1
    42       1
    43       1
    44       1
    45       1
    46       1
    47       1
    48       1
    49       1
    50       1
    51       1
    52       1
    53       1
    54       1

 Reading esp"s for molecule   1
 total number of atoms      =    54
 total number of esp points =  1917


 center     X       Y       Z 
    1   0.1276552E+02   0.3031133E+01  -0.2053706E+00
    2  -0.1220385E+02  -0.1088414E+01   0.4993484E+00
    3   0.1260361E+02   0.9453756E+00  -0.1813239E+01
    4   0.1105414E+02   0.3298608E+01   0.1786631E+01
    5  -0.1105230E+02  -0.1078814E+01  -0.1874071E+01
    6  -0.1076525E+02  -0.6432605E+00   0.2665323E+01
    7   0.1073249E+02  -0.8741044E+00  -0.1432113E+01
    8   0.9181445E+01   0.1483252E+01   0.2172751E+01
    9  -0.8462233E+01  -0.6246734E+00  -0.2084557E+01
   10  -0.8174814E+01  -0.1885273E+00   0.2461053E+01
   11   0.9019401E+01  -0.6071895E+00   0.5609229E+00
   12  -0.7021439E+01  -0.1789592E+00   0.8445420E-01
   13  -0.3519973E+01   0.2755317E+01  -0.4190305E+00
   14  -0.8030624E+00  -0.1651014E+01   0.2246930E+01
   15  -0.1104483E+01  -0.2109274E+01  -0.2524030E+01
   16   0.1111272E+01  -0.3811263E+01   0.2317853E+01
   17   0.8122200E+00  -0.4265419E+01  -0.2424242E+01
   18  -0.2596513E+01  -0.1870118E+01  -0.3390043E-01
   19  -0.4275622E+01   0.7464815E+01  -0.7759901E+00
   20   0.6983515E+01  -0.2583301E+01   0.9776965E+00
   21  -0.5506010E+01   0.4871258E+01  -0.4074634E+00
   22   0.4572644E+01  -0.1931900E+01  -0.4857601E+00
   23  -0.4333213E+01   0.2927244E+00  -0.1313591E+00
   24   0.2552485E+01  -0.3987883E+01  -0.1604974E+00
   25  -0.1286633E+01   0.3383594E+01  -0.6211081E+00
   26   0.1422287E+02   0.4443365E+01  -0.5021480E+00
   27  -0.1421801E+02  -0.1440063E+01   0.6611571E+00
   28   0.1393512E+02   0.7372017E+00  -0.3359564E+01
   29   0.1118219E+02   0.4919443E+01   0.3037147E+01
   30  -0.1217145E+02  -0.1423340E+01  -0.3557911E+01
   31  -0.1166250E+02  -0.6491571E+00   0.4509620E+01
   32   0.1062130E+02  -0.2491527E+01  -0.2694448E+01
   33   0.7858214E+01   0.1707986E+01   0.3727788E+01
   34  -0.7588045E+01  -0.6218598E+00  -0.3941409E+01
   35  -0.7075674E+01   0.1552265E+00   0.4159868E+01
   36  -0.1924873E+01  -0.1688849E+01   0.3983840E+01
   37   0.1852510E+00   0.1603476E+00   0.2219942E+01
   38  -0.1417018E+00  -0.3355343E+00  -0.2963200E+01
   39  -0.2432994E+01  -0.2456475E+01  -0.4070327E+01
   40   0.2495026E+01  -0.3566343E+01   0.3825810E+01
   41   0.1480470E+00  -0.5619513E+01   0.2599808E+01
   42  -0.1588351E+00  -0.6082582E+01  -0.2233042E+01
   43   0.1993227E+01  -0.4332357E+01  -0.4114059E+01
   44  -0.3795473E+01  -0.3539456E+01   0.2021343E+00
   45  -0.3240317E+01   0.7559740E+01  -0.2558875E+01
   46  -0.2939176E+01   0.7887419E+01   0.7385598E+00
   47  -0.5736982E+01   0.8926158E+01  -0.7901847E+00
   48   0.7683229E+01  -0.4437265E+01   0.3518530E+00
   49   0.6575710E+01  -0.2826391E+01   0.2994185E+01
   50  -0.6521435E+01   0.4854423E+01   0.1395314E+01
   51  -0.6857778E+01   0.4544640E+01  -0.1939944E+01
   52   0.4959968E+01  -0.1832101E+01  -0.2508492E+01
   53   0.3718821E+01  -0.1661463E+00   0.1434761E+00
   54   0.3540167E+01  -0.5650787E+01  -0.6421158E-01
 Initial ssvpot =    17.283


 Number of unique UNfrozen centers=   12

 Non-linear optimization requested.
 qchnge =    0.2252524369E-01
 qchnge =    0.3293664780E-02
 qchnge =    0.7343787993E-03
 qchnge =    0.1836552667E-03
 qchnge =    0.4513560561E-04
 qchnge =    0.1097985788E-04
 qchnge =    0.2668226767E-05
 qchnge =    0.6490353628E-06

 Convergence in    7 iterations


Resp charges for organic molecule                                               

          Point Charges Before & After Optimization

    no.  At.no.    q(init)       q(opt)     ivary    d(rstr)/dq
    1   6      -0.097312      -0.097312    -99       0.007167
    2   6      -0.098448      -0.098448    -99       0.007126
    3   6      -0.187366      -0.187366    -99       0.004709
    4   6      -0.187366      -0.187366    -99       0.004709
    5   6      -0.202507      -0.202507    -99       0.004428
    6   6      -0.202507      -0.202507    -99       0.004428
    7   6      -0.142033      -0.142033    -99       0.005757
    8   6      -0.142033      -0.142033    -99       0.005757
    9   6      -0.086401      -0.086401    -99       0.007567
   10   6      -0.086401      -0.086401    -99       0.007567
   11   6       0.019964       0.019964    -99       0.009806
   12   6      -0.010500      -0.010500    -99       0.009945
   13   6       0.515245       0.515245    -99       0.001905
   14   6      -0.020243      -0.029090      0       0.009602
   15   6      -0.032499      -0.029090     14       0.009602
   16   6      -0.089464      -0.071390      0       0.008139
   17   6      -0.079247      -0.071390     16       0.008139
   18   6      -0.031782      -0.031782    -99       0.009530
   19   6      -0.141713      -0.075525      0       0.007979
   20   6      -0.110318      -0.089785      0       0.007441
   21   6       0.070515       0.038416      0       0.009335
   22   6      -0.017143      -0.018458      0       0.009834
   23   7      -0.192753      -0.192753    -99       0.004605
   24   7      -0.021025      -0.021025    -99       0.009786
   25   8      -0.598909      -0.598909    -99       0.001647
   26   1       0.136457       0.136457    -99       0.000000
   27   1       0.147978       0.147978    -99       0.000000
   28   1       0.156102       0.156102    -99       0.000000
   29   1       0.156102       0.156102    -99       0.000000
   30   1       0.164381       0.164381    -99       0.000000
   31   1       0.164381       0.164381    -99       0.000000
   32   1       0.150661       0.150661    -99       0.000000
   33   1       0.150661       0.150661    -99       0.000000
   34   1       0.147563       0.147563    -99       0.000000
   35   1       0.147563       0.147563    -99       0.000000
   36   1       0.062390       0.064497      0       0.000000
   37   1       0.069908       0.064497     36       0.000000
   38   1       0.047302       0.064497     36       0.000000
   39   1       0.070349       0.064497     36       0.000000
   40   1       0.112029       0.107234      0       0.000000
   41   1       0.111560       0.107234     40       0.000000
   42   1       0.108035       0.107234     40       0.000000
   43   1       0.117391       0.107234     40       0.000000
   44   1       0.133630       0.133630    -99       0.000000
   45   1       0.036191       0.018747      0       0.000000
   46   1       0.034300       0.018747     45       0.000000
   47   1       0.035145       0.018747     45       0.000000
   48   1       0.078792       0.074825      0       0.000000
   49   1       0.084344       0.074825     48       0.000000
   50   1       0.020264       0.026200      0       0.000000
   51   1       0.020193       0.026200     50       0.000000
   52   1       0.109129       0.103857      0       0.000000
   53   1       0.109403       0.103857     52       0.000000
   54   1       0.290038       0.290038    -99       0.000000

 Sum over the calculated charges:      1.000

        Statistics of the fitting:
  The initial sum of squares (ssvpot)                     17.283
  The residual sum of squares (chipot)                     0.005
  The std err of estimate (sqrt(chipot/N))               0.00157
  ESP relative RMS (SQRT(chipot/ssvpot))                 0.01655

 Center of Mass (Angst.):

 X  =   0.00000      Y  =   0.00000      Z  =   0.00000

 Dipole (Debye):

 X  =   1.32870      Y  = -11.17215      Z  =   0.20839

 Dipole Moment (Debye)=  11.25281

 Quadrupole (Debye*Angst.):

 Qxx =  60.02854     QYY = -19.92938     QZZ = -40.09916
 Qxy =-146.31631     QXZ =-128.84103     QYZ =-102.73442
