
 -----------------------------------------------
      Restrained ESP Fit 2.3  Amber 4.1
 -----------------------------------------------
 Resp charges for organic molecule                                               
 -----------------------------------------------


 inopt       =     0   ioutopt     =     1
 nmol        =     1   iqopt       =     2
 ihfree      =     1   irstrnt     =     1
 iunits      =     0   qwt         =   0.00100000
 wtmol(1) =     1.000000
 subtitle:

Resp charges for organic molecule                                               
ich =   1  iuniq =  41
    1    6  -99
    2    6  -99
    3    6  -99
    4    6  -99
    5    6  -99
    6    6  -99
    7    6  -99
    8    6    0
    9    6    0
   10    6    0
   11    6    0
   12    6    0
   13    6  -99
   14    6  -99
   15    6  -99
   16    6  -99
   17    6    0
   18    7  -99
   19    8  -99
   20    8  -99
   21    8  -99
   22    1  -99
   23    1  -99
   24    1    0
   25    1   24
   26    1    0
   27    1   26
   28    1    0
   29    1   28
   30    1    0
   31    1   30
   32    1    0
   33    1   32
   34    1  -99
   35    1  -99
   36    1  -99
   37    1    0
   38    1   37
   39    1   37
   40    1  -99
   41    1  -99
 new q0 values to be read  41

  ----------------------------------------------------------------------------
     ATOM                       COORDINATES                         CHARGE
                       X             Y                Z
  ----------------------------------------------------------------------------
  ----------------------------------------------------------------------------


 Charge on the molecule(ich) =    1
 Total number of atoms (iuniq)     =   41
 Weight factor on initial charge restraints(qwt)=     0.10000D-02


  there are  1 charge constraints:


     1       1
     2       1
     3       1
     4       1
     5       1
     6       1
     7       1
     8       1
     9       1
    10       1
    11       1
    12       1
    13       1
    14       1
    15       1
    16       1
    17       1
    18       1
    19       1
    20       1
    21       1
    22       1
    23       1
    24       1
    25       1
    26       1
    27       1
    28       1
    29       1
    30       1
    31       1
    32       1
    33       1
    34       1
    35       1
    36       1
    37       1
    38       1
    39       1
    40       1
    41       1

 Reading esp"s for molecule   1
 total number of atoms      =    41
 total number of esp points =  1407


 center     X       Y       Z 
    1   0.1058573E+01  -0.4719188E+01  -0.2430434E+01
    2   0.3523961E+01  -0.5057713E+01  -0.1501866E+01
    3  -0.4049802E+00  -0.2636903E+01  -0.1633139E+01
    4   0.6904527E+00  -0.1028416E+01   0.9574584E-01
    5   0.3158934E+01  -0.1271338E+01   0.9169996E+00
    6   0.4618821E+01  -0.3311298E+01   0.1785186E+00
    7   0.2931245E+01   0.4383659E+01  -0.2302328E+00
    8  -0.2990531E+01  -0.1969730E+01  -0.2703978E+01
    9   0.9668184E+00   0.5697316E+01  -0.1856650E+01
   10  -0.9518951E+00   0.3780422E+01  -0.2863778E+01
   11  -0.2008167E+01   0.4603843E+00   0.3646529E+01
   12  -0.4252709E+01  -0.1291668E+01   0.3071640E+01
   13   0.1957353E+01   0.2662414E+01   0.1909407E+01
   14  -0.2340052E+01   0.2485334E+01  -0.6477596E+00
   15  -0.4247497E+01   0.4087035E+00  -0.1498818E+01
   16  -0.5138351E+00   0.1251859E+01   0.1257610E+01
   17  -0.8080775E+01  -0.1883873E+01   0.3395496E+00
   18  -0.5794513E+01  -0.2768453E+00   0.8738096E+00
   19   0.5159615E+01   0.4780622E+01  -0.5322426E+00
   20   0.3909097E+01   0.7547780E+00   0.2392359E+01
   21   0.7032040E+01  -0.3600203E+01   0.9850521E+00
   22   0.3048492E+00  -0.6056267E+01  -0.3793515E+01
   23   0.4615628E+01  -0.6672207E+01  -0.2146667E+01
   24  -0.2715404E+01  -0.1557959E+01  -0.4716035E+01
   25  -0.4234027E+01  -0.3621122E+01  -0.2617761E+01
   26   0.4509199E-01   0.7169893E+01  -0.7166737E+00
   27   0.1920967E+01   0.6617207E+01  -0.3437197E+01
   28  -0.2328553E+01   0.4754087E+01  -0.4067702E+01
   29   0.1470432E-01   0.2397499E+01  -0.4061282E+01
   30  -0.2718708E+01   0.2170254E+01   0.4591194E+01
   31  -0.7812634E+00  -0.4827975E+00   0.5016440E+01
   32  -0.3647074E+01  -0.3203825E+01   0.2591357E+01
   33  -0.5511547E+01  -0.1398446E+01   0.4704168E+01
   34   0.1748072E+01   0.3841123E+01   0.3600860E+01
   35  -0.3396033E+01   0.3997549E+01   0.3209971E+00
   36  -0.5618237E+01   0.1211206E+01  -0.2820188E+01
   37  -0.7482234E+01  -0.3731278E+01  -0.3365857E+00
   38  -0.9160081E+01  -0.2092813E+01   0.2082017E+01
   39  -0.9224302E+01  -0.9523548E+00  -0.1099732E+01
   40  -0.6528189E+01   0.1406495E+01   0.1493601E+01
   41   0.7757612E+01  -0.5099684E+01   0.2386239E+00
 Initial ssvpot =    17.630


 Number of unique UNfrozen centers=   12

 Non-linear optimization requested.
 qchnge =    0.3849310168E-01
 qchnge =    0.1716438392E-02
 qchnge =    0.3998134845E-03
 qchnge =    0.1331429074E-03
 qchnge =    0.4838048927E-04
 qchnge =    0.1807615137E-04
 qchnge =    0.6822086530E-05
 qchnge =    0.2584958352E-05
 qchnge =    0.9811256093E-06

 Convergence in    8 iterations


Resp charges for organic molecule                                               

          Point Charges Before & After Optimization

    no.  At.no.    q(init)       q(opt)     ivary    d(rstr)/dq
    1   6      -0.155301      -0.155301    -99       0.005414
    2   6      -0.424300      -0.424300    -99       0.002294
    3   6       0.028396       0.028396    -99       0.009620
    4   6      -0.200326      -0.200326    -99       0.004466
    5   6       0.321683       0.321683    -99       0.002969
    6   6       0.292087       0.292087    -99       0.003239
    7   6       0.521642       0.521642    -99       0.001883
    8   6      -0.064120      -0.048064      0       0.009013
    9   6      -0.092880      -0.069019      0       0.008230
   10   6      -0.039734      -0.080009      0       0.007808
   11   6      -0.095997      -0.055760      0       0.008734
   12   6      -0.052877      -0.100414      0       0.007057
   13   6       0.044212       0.044212    -99       0.009146
   14   6      -0.000823      -0.000823    -99       0.010000
   15   6      -0.075581      -0.075581    -99       0.007978
   16   6      -0.009394      -0.009394    -99       0.009956
   17   6      -0.330796      -0.358652      0       0.002686
   18   7      -0.030120      -0.030120    -99       0.009575
   19   8      -0.556444      -0.556444    -99       0.001769
   20   8      -0.407776      -0.407776    -99       0.002382
   21   8      -0.629537      -0.629537    -99       0.001569
   22   1       0.173664       0.173664    -99       0.000000
   23   1       0.238258       0.238258    -99       0.000000
   24   1       0.088550       0.087358      0       0.000000
   25   1       0.090030       0.087358     24       0.000000
   26   1       0.064530       0.054711      0       0.000000
   27   1       0.057770       0.054711     26       0.000000
   28   1       0.054563       0.069541      0       0.000000
   29   1       0.066474       0.069541     28       0.000000
   30   1       0.063883       0.074250      0       0.000000
   31   1       0.103901       0.074250     30       0.000000
   32   1       0.120344       0.141111      0       0.000000
   33   1       0.129375       0.141111     32       0.000000
   34   1       0.150668       0.150668    -99       0.000000
   35   1       0.074330       0.074330    -99       0.000000
   36   1       0.147921       0.147921    -99       0.000000
   37   1       0.183865       0.179343      0       0.000000
   38   1       0.166484       0.179343     37       0.000000
   39   1       0.166689       0.179343     37       0.000000
   40   1       0.343623       0.343623    -99       0.000000
   41   1       0.473062       0.473062    -99       0.000000

 Sum over the calculated charges:      1.000

        Statistics of the fitting:
  The initial sum of squares (ssvpot)                     17.630
  The residual sum of squares (chipot)                     0.003
  The std err of estimate (sqrt(chipot/N))               0.00156
  ESP relative RMS (SQRT(chipot/ssvpot))                 0.01393

 Center of Mass (Angst.):

 X  =   0.00000      Y  =   0.00000      Z  =   0.00000

 Dipole (Debye):

 X  = -19.62354      Y  =  -2.48258      Z  =  -0.20092

 Dipole Moment (Debye)=  19.78097

 Quadrupole (Debye*Angst.):

 Qxx =  38.94410     QYY =  -4.77437     QZZ = -34.16973
 Qxy =-139.16579     QXZ =-122.38181     QYZ = -72.86895
