
 -----------------------------------------------
      Restrained ESP Fit 2.3  Amber 4.1
 -----------------------------------------------
 Resp charges for organic molecule                                               
 -----------------------------------------------


 inopt       =     0   ioutopt     =     1
 nmol        =     1   iqopt       =     2
 ihfree      =     1   irstrnt     =     1
 iunits      =     0   qwt         =   0.00100000
 wtmol(1) =     1.000000
 subtitle:

Resp charges for organic molecule                                               
ich =   1  iuniq =  31
    1    6    0
    2    6    0
    3    6    0
    4    6  -99
    5    6  -99
    6    6  -99
    7    6  -99
    8    6    0
    9    6    0
   10    6    9
   11    7  -99
   12    1    0
   13    1   12
   14    1    0
   15    1   14
   16    1    0
   17    1   16
   18    1  -99
   19    1  -99
   20    1    0
   21    1   20
   22    1   20
   23    1    0
   24    1   23
   25    1   23
   26    1   23
   27    1   23
   28    1   23
   29    1  -99
   30    1  -99
   31    1  -99
 new q0 values to be read  31

  ----------------------------------------------------------------------------
     ATOM                       COORDINATES                         CHARGE
                       X             Y                Z
  ----------------------------------------------------------------------------
  ----------------------------------------------------------------------------


 Charge on the molecule(ich) =    1
 Total number of atoms (iuniq)     =   31
 Weight factor on initial charge restraints(qwt)=     0.10000D-02


  there are  1 charge constraints:


     1       1
     2       1
     3       1
     4       1
     5       1
     6       1
     7       1
     8       1
     9       1
    10       1
    11       1
    12       1
    13       1
    14       1
    15       1
    16       1
    17       1
    18       1
    19       1
    20       1
    21       1
    22       1
    23       1
    24       1
    25       1
    26       1
    27       1
    28       1
    29       1
    30       1
    31       1

 Reading esp"s for molecule   1
 total number of atoms      =    31
 total number of esp points =  1000


 center     X       Y       Z 
    1   0.1013050E+00  -0.3061459E+01  -0.2192017E+01
    2  -0.6736739E+00  -0.3427876E+00  -0.3049966E+01
    3  -0.1543854E+01  -0.2268724E+01   0.2111543E+01
    4   0.9167531E+00  -0.2664784E+01   0.5695400E+00
    5  -0.2318494E+01   0.4772428E+00   0.1375788E+01
    6  -0.2898113E+00   0.1243815E+01  -0.6223931E+00
    7   0.2174343E+01   0.2117022E-01   0.5372799E+00
    8  -0.1969493E+00   0.4088099E+01  -0.1147475E+01
    9   0.2952846E+01   0.9983730E+00   0.3171128E+01
   10   0.4563903E+01   0.1904268E+00  -0.1108370E+01
   11  -0.5051157E+01   0.5588295E+00   0.3693713E+00
   12  -0.1466928E+01  -0.4397424E+01  -0.2369670E+01
   13   0.1655468E+01  -0.3778529E+01  -0.3344301E+01
   14   0.5399825E+00   0.3035324E+00  -0.4583510E+01
   15  -0.2613900E+01  -0.2848805E+00  -0.3793212E+01
   16  -0.2983841E+01  -0.3691471E+01   0.1670717E+01
   17  -0.1161356E+01  -0.2391232E+01   0.4136733E+01
   18   0.2094399E+01  -0.4195745E+01   0.1298943E+01
   19  -0.2302074E+01   0.1726549E+01   0.3011126E+01
   20   0.7540509E-01   0.5177396E+01   0.5920955E+00
   21  -0.1942497E+01   0.4785865E+01  -0.2025827E+01
   22   0.1358906E+01   0.4547437E+01  -0.2424516E+01
   23   0.3815577E+01   0.2871155E+01   0.3032763E+01
   24   0.4319867E+01  -0.2915688E+00   0.4030270E+01
   25   0.1390439E+01   0.1182332E+01   0.4514526E+01
   26   0.5354804E+01   0.2099013E+01  -0.1058139E+01
   27   0.4247462E+01  -0.2575903E+00  -0.3098238E+01
   28   0.5986937E+01  -0.1134868E+01  -0.4088831E+00
   29  -0.5963234E+01  -0.1119527E+01   0.6820457E+00
   30  -0.5071434E+01   0.9011802E+00  -0.1540675E+01
   31  -0.6094090E+01   0.1948335E+01   0.1221812E+01
 Initial ssvpot =    14.965


 Number of unique UNfrozen centers=   10

 Non-linear optimization requested.
 qchnge =    0.3611101654E-01
 qchnge =    0.6449284062E-02
 qchnge =    0.2059911060E-02
 qchnge =    0.8223866817E-03
 qchnge =    0.3477629190E-03
 qchnge =    0.1504559513E-03
 qchnge =    0.6575143269E-04
 qchnge =    0.2887110754E-04
 qchnge =    0.1270866738E-04
 qchnge =    0.5602651438E-05
 qchnge =    0.2472671745E-05
 qchnge =    0.1092313192E-05
 qchnge =    0.4829595769E-06

 Convergence in   12 iterations


Resp charges for organic molecule                                               

          Point Charges Before & After Optimization

    no.  At.no.    q(init)       q(opt)     ivary    d(rstr)/dq
    1   6      -0.153503      -0.107692      0       0.006805
    2   6      -0.050691      -0.048331      0       0.009004
    3   6      -0.185602      -0.302730      0       0.003137
    4   6      -0.027291      -0.027291    -99       0.009647
    5   6       0.080055       0.080055    -99       0.007807
    6   6       0.031801       0.031801    -99       0.009530
    7   6       0.295128       0.295128    -99       0.003209
    8   6      -0.239092      -0.195261      0       0.004558
    9   6      -0.212214      -0.208539      0       0.004324
   10   6      -0.319521      -0.208539      9       0.004324
   11   7      -0.421644      -0.421644    -99       0.002308
   12   1       0.061555       0.048117      0       0.000000
   13   1       0.049173       0.048117     12       0.000000
   14   1       0.053586       0.040963      0       0.000000
   15   1       0.028074       0.040963     14       0.000000
   16   1       0.105773       0.118921      0       0.000000
   17   1       0.060970       0.118921     16       0.000000
   18   1       0.051237       0.051237    -99       0.000000
   19   1       0.130342       0.130342    -99       0.000000
   20   1       0.061293       0.053314      0       0.000000
   21   1       0.059729       0.053314     20       0.000000
   22   1       0.075419       0.053314     20       0.000000
   23   1       0.051597       0.048691      0       0.000000
   24   1       0.056008       0.048691     23       0.000000
   25   1       0.044066       0.048691     23       0.000000
   26   1       0.078858       0.048691     23       0.000000
   27   1       0.099121       0.048691     23       0.000000
   28   1       0.072400       0.048691     23       0.000000
   29   1       0.354457       0.354457    -99       0.000000
   30   1       0.354457       0.354457    -99       0.000000
   31   1       0.354457       0.354457    -99       0.000000

 Sum over the calculated charges:      1.000

        Statistics of the fitting:
  The initial sum of squares (ssvpot)                     14.965
  The residual sum of squares (chipot)                     0.003
  The std err of estimate (sqrt(chipot/N))               0.00179
  ESP relative RMS (SQRT(chipot/ssvpot))                 0.01465

 Center of Mass (Angst.):

 X  =   0.00000      Y  =   0.00000      Z  =   0.00000

 Dipole (Debye):

 X  = -10.48631      Y  =   1.03322      Z  =   1.04673

 Dipole Moment (Debye)=  10.58895

 Quadrupole (Debye*Angst.):

 Qxx =  59.09607     QYY = -30.56955     QZZ = -28.52651
 Qxy = -63.53857     QXZ = -58.69274     QYZ = -51.64404
