
 -----------------------------------------------
      Restrained ESP Fit 2.3  Amber 4.1
 -----------------------------------------------
 Resp charges for organic molecule                                               
 -----------------------------------------------


 inopt       =     0   ioutopt     =     1
 nmol        =     1   iqopt       =     2
 ihfree      =     1   irstrnt     =     1
 iunits      =     0   qwt         =   0.00100000
 wtmol(1) =     1.000000
 subtitle:

Resp charges for organic molecule                                               
ich =   1  iuniq =  44
    1    6  -99
    2    6  -99
    3    6  -99
    4    6  -99
    5    6  -99
    6    6  -99
    7    6    0
    8    6    0
    9    6    8
   10    6    0
   11    6    0
   12    6   11
   13    6    0
   14    6   13
   15    6    0
   16    6   15
   17    6  -99
   18    7  -99
   19    1  -99
   20    1  -99
   21    1  -99
   22    1  -99
   23    1  -99
   24    1    0
   25    1   24
   26    1    0
   27    1   26
   28    1   26
   29    1   26
   30    1    0
   31    1   30
   32    1    0
   33    1   32
   34    1   32
   35    1   32
   36    1    0
   37    1   36
   38    1   36
   39    1   36
   40    1    0
   41    1   40
   42    1   40
   43    1   40
   44    1  -99
 new q0 values to be read  44

  ----------------------------------------------------------------------------
     ATOM                       COORDINATES                         CHARGE
                       X             Y                Z
  ----------------------------------------------------------------------------
  ----------------------------------------------------------------------------


 Charge on the molecule(ich) =    1
 Total number of atoms (iuniq)     =   44
 Weight factor on initial charge restraints(qwt)=     0.10000D-02


  there are  1 charge constraints:


     1       1
     2       1
     3       1
     4       1
     5       1
     6       1
     7       1
     8       1
     9       1
    10       1
    11       1
    12       1
    13       1
    14       1
    15       1
    16       1
    17       1
    18       1
    19       1
    20       1
    21       1
    22       1
    23       1
    24       1
    25       1
    26       1
    27       1
    28       1
    29       1
    30       1
    31       1
    32       1
    33       1
    34       1
    35       1
    36       1
    37       1
    38       1
    39       1
    40       1
    41       1
    42       1
    43       1
    44       1

 Reading esp"s for molecule   1
 total number of atoms      =    44
 total number of esp points =  1442


 center     X       Y       Z 
    1   0.2990834E+01   0.6569910E+01   0.2808437E-01
    2   0.2537951E+01   0.5330265E+01   0.2311389E+01
    3   0.2712595E+01   0.5274569E+01  -0.2255540E+01
    4   0.1805983E+01   0.2792737E+01   0.2309065E+01
    5   0.1982444E+01   0.2739873E+01  -0.2278401E+01
    6   0.1526740E+01   0.1492792E+01   0.1875220E-01
    7   0.5296315E+01  -0.4705947E+01  -0.1222319E-01
    8   0.4400715E+01  -0.3428609E+01   0.2420577E+01
    9   0.4488088E+01  -0.3234067E+01  -0.2362776E+01
   10  -0.7568235E+01   0.4180414E+00  -0.5251522E-01
   11  -0.6356815E+01  -0.6593168E+00   0.2357797E+01
   12  -0.6317481E+01  -0.6724548E+00  -0.2436571E+01
   13   0.1546982E+01  -0.2872015E+01   0.2360124E+01
   14   0.1617713E+01  -0.2768750E+01  -0.2368113E+01
   15  -0.3487935E+01  -0.2828274E+00   0.2357710E+01
   16  -0.3448926E+01  -0.2966060E+00  -0.2391250E+01
   17   0.7197397E+00  -0.1306035E+01   0.2015504E-01
   18  -0.2362952E+01  -0.1438614E+01  -0.4406904E-02
   19   0.3557009E+01   0.8540896E+01   0.2661345E-01
   20   0.2751530E+01   0.6335506E+01   0.4086147E+01
   21   0.3065083E+01   0.6247241E+01  -0.4026946E+01
   22   0.1458503E+01   0.1844881E+01   0.4088626E+01
   23   0.1774344E+01   0.1760530E+01  -0.4058507E+01
   24   0.7358633E+01  -0.4870975E+01   0.1794660E-01
   25   0.4542890E+01  -0.6637882E+01  -0.1044835E+00
   26   0.4853874E+01  -0.4624100E+01   0.4045528E+01
   27   0.5439573E+01  -0.1656276E+01   0.2690403E+01
   28   0.5482227E+01  -0.1418367E+01  -0.2416235E+01
   29   0.5041569E+01  -0.4274041E+01  -0.4061877E+01
   30  -0.9591108E+01  -0.3272253E-02  -0.6828926E-01
   31  -0.7378603E+01   0.2483045E+01  -0.5665574E-01
   32  -0.7177276E+01   0.2607755E+00   0.4017381E+01
   33  -0.6797702E+01  -0.2681266E+01   0.2519383E+01
   34  -0.6755985E+01  -0.2695238E+01  -0.2594150E+01
   35  -0.7110074E+01   0.2384202E+00  -0.4114676E+01
   36   0.4944192E+00  -0.4659482E+01   0.2437049E+01
   37   0.1062005E+01  -0.1830825E+01   0.4073575E+01
   38   0.1148001E+01  -0.1671868E+01  -0.4045887E+01
   39   0.6160607E+00  -0.4579311E+01  -0.2528717E+01
   40  -0.2979983E+01   0.1712642E+01   0.2376110E+01
   41  -0.2636673E+01  -0.1231983E+01   0.3969719E+01
   42  -0.2571433E+01  -0.1254839E+01  -0.3983164E+01
   43  -0.2940103E+01   0.1699512E+01  -0.2412564E+01
   44  -0.2846355E+01  -0.3312759E+01  -0.3066713E-02
 Initial ssvpot =    15.813


 Number of unique UNfrozen centers=   12

 Non-linear optimization requested.
 qchnge =    0.1565834117E-01
 qchnge =    0.2605299001E-02
 qchnge =    0.3859674879E-03
 qchnge =    0.5106692848E-04
 qchnge =    0.6747871037E-05
 qchnge =    0.9227950340E-06

 Convergence in    5 iterations


Resp charges for organic molecule                                               

          Point Charges Before & After Optimization

    no.  At.no.    q(init)       q(opt)     ivary    d(rstr)/dq
    1   6      -0.068218      -0.068218    -99       0.008261
    2   6      -0.228612      -0.228612    -99       0.004008
    3   6      -0.228612      -0.228612    -99       0.004008
    4   6      -0.107079      -0.107079    -99       0.006825
    5   6      -0.107079      -0.107079    -99       0.006825
    6   6       0.102880       0.102880    -99       0.006970
    7   6      -0.003758      -0.009214      0       0.009958
    8   6      -0.032772      -0.021531      0       0.009776
    9   6      -0.029922      -0.021531      8       0.009776
   10   6      -0.038361      -0.020821      0       0.009790
   11   6      -0.041922      -0.040721      0       0.009261
   12   6      -0.032922      -0.040721     11       0.009261
   13   6      -0.066891      -0.064967      0       0.008385
   14   6      -0.063602      -0.064967     13       0.008385
   15   6      -0.012864      -0.030885      0       0.009555
   16   6      -0.008524      -0.030885     15       0.009555
   17   6       0.020564       0.020564    -99       0.009795
   18   7      -0.030369      -0.030369    -99       0.009568
   19   1       0.150008       0.150008    -99       0.000000
   20   1       0.172536       0.172536    -99       0.000000
   21   1       0.172536       0.172536    -99       0.000000
   22   1       0.143731       0.143731    -99       0.000000
   23   1       0.143731       0.143731    -99       0.000000
   24   1       0.020558       0.023581      0       0.000000
   25   1       0.015045       0.023581     24       0.000000
   26   1       0.034117       0.020012      0       0.000000
   27   1       0.017287       0.020012     26       0.000000
   28   1       0.017151       0.020012     26       0.000000
   29   1       0.031234       0.020012     26       0.000000
   30   1       0.037715       0.035164      0       0.000000
   31   1       0.026420       0.035164     30       0.000000
   32   1       0.058490       0.042897      0       0.000000
   33   1       0.035523       0.042897     32       0.000000
   34   1       0.034370       0.042897     32       0.000000
   35   1       0.056275       0.042897     32       0.000000
   36   1       0.060787       0.052122      0       0.000000
   37   1       0.051237       0.052122     36       0.000000
   38   1       0.053340       0.052122     36       0.000000
   39   1       0.058671       0.052122     36       0.000000
   40   1       0.086824       0.084149      0       0.000000
   41   1       0.063097       0.084149     40       0.000000
   42   1       0.058853       0.084149     40       0.000000
   43   1       0.082509       0.084149     40       0.000000
   44   1       0.296019       0.296019    -99       0.000000

 Sum over the calculated charges:      1.000

        Statistics of the fitting:
  The initial sum of squares (ssvpot)                     15.813
  The residual sum of squares (chipot)                     0.003
  The std err of estimate (sqrt(chipot/N))               0.00153
  ESP relative RMS (SQRT(chipot/ssvpot))                 0.01458

 Center of Mass (Angst.):

 X  =   0.00000      Y  =   0.00000      Z  =   0.00000

 Dipole (Debye):

 X  =  -4.63143      Y  =  -2.30641      Z  =  -0.02371

 Dipole Moment (Debye)=   5.17400

 Quadrupole (Debye*Angst.):

 Qxx =   4.96230     QYY =   2.31164     QZZ =  -7.27394
 Qxy = -47.32584     QXZ = -64.91715     QYZ = -63.61862
