
 -----------------------------------------------
      Restrained ESP Fit 2.3  Amber 4.1
 -----------------------------------------------
 Resp charges for organic molecule                                               
 -----------------------------------------------


 inopt       =     0   ioutopt     =     1
 nmol        =     1   iqopt       =     2
 ihfree      =     1   irstrnt     =     1
 iunits      =     0   qwt         =   0.00100000
 wtmol(1) =     1.000000
 subtitle:

Resp charges for organic molecule                                               
ich =   1  iuniq =  27
    1    6    0
    2    6    0
    3    6    2
    4    6    0
    5    6    4
    6    6    0
    7    6    6
    8    6  -99
    9    7  -99
   10    1    0
   11    1   10
   12    1    0
   13    1   12
   14    1   12
   15    1   12
   16    1    0
   17    1   16
   18    1   16
   19    1   16
   20    1    0
   21    1   20
   22    1   20
   23    1   20
   24    1  -99
   25    1  -99
   26    1  -99
   27    1  -99
 new q0 values to be read  27

  ----------------------------------------------------------------------------
     ATOM                       COORDINATES                         CHARGE
                       X             Y                Z
  ----------------------------------------------------------------------------
  ----------------------------------------------------------------------------


 Charge on the molecule(ich) =    1
 Total number of atoms (iuniq)     =   27
 Weight factor on initial charge restraints(qwt)=     0.10000D-02


  there are  1 charge constraints:


     1       1
     2       1
     3       1
     4       1
     5       1
     6       1
     7       1
     8       1
     9       1
    10       1
    11       1
    12       1
    13       1
    14       1
    15       1
    16       1
    17       1
    18       1
    19       1
    20       1
    21       1
    22       1
    23       1
    24       1
    25       1
    26       1
    27       1

 Reading esp"s for molecule   1
 total number of atoms      =    27
 total number of esp points =   924


 center     X       Y       Z 
    1   0.3620672E+01   0.1103599E+01   0.5738631E+00
    2   0.3796336E+01  -0.1736010E+01  -0.5092760E-01
    3   0.1947452E+01   0.2620064E+01  -0.1289455E+01
    4   0.1326579E+01  -0.3117045E+01  -0.7527914E+00
    5  -0.5286769E+00   0.3639768E+01  -0.9738890E-01
    6  -0.8281864E+00  -0.2875220E+01   0.1212579E+01
    7  -0.1998440E+01   0.1915492E+01   0.1746781E+01
    8  -0.2801031E+01  -0.7428754E+00   0.9102493E+00
    9  -0.3907114E+01  -0.6955717E+00  -0.1762435E+01
   10   0.3028847E+01   0.1425513E+01   0.2527542E+01
   11   0.5528151E+01   0.1886899E+01   0.4266648E+00
   12   0.5240839E+01  -0.2086367E+01  -0.1490867E+01
   13   0.4544279E+01  -0.2705567E+01   0.1626891E+01
   14   0.3043100E+01   0.4237980E+01  -0.1955876E+01
   15   0.1511860E+01   0.1467048E+01  -0.2955398E+01
   16   0.6835369E+00  -0.2461012E+01  -0.2618701E+01
   17   0.1754213E+01  -0.5126893E+01  -0.9611444E+00
   18  -0.1997539E+00   0.5499370E+01   0.7382477E+00
   19  -0.1812007E+01   0.4057869E+01  -0.1689654E+01
   20  -0.1856267E+01  -0.4678561E+01   0.1201294E+01
   21  -0.1502575E-01  -0.2774774E+01   0.3110230E+01
   22  -0.7996454E+00   0.1660110E+01   0.3415969E+01
   23  -0.3604611E+01   0.2953659E+01   0.2544249E+01
   24  -0.4392787E+01  -0.1286053E+01   0.2112839E+01
   25  -0.2503610E+01  -0.4891363E+00  -0.3083629E+01
   26  -0.5148687E+01   0.7767095E+00  -0.1969152E+01
   27  -0.4860864E+01  -0.2334424E+01  -0.2159919E+01
 Initial ssvpot =    14.861


 Number of unique UNfrozen centers=    8

 Non-linear optimization requested.
 qchnge =    0.3169720182E-01
 qchnge =    0.2182569890E-02
 qchnge =    0.1882707841E-03
 qchnge =    0.1369068481E-04
 qchnge =    0.9843185778E-06

 Convergence in    4 iterations


Resp charges for organic molecule                                               

          Point Charges Before & After Optimization

    no.  At.no.    q(init)       q(opt)     ivary    d(rstr)/dq
    1   6      -0.032147      -0.025913      0       0.009681
    2   6      -0.010227      -0.033403      0       0.009484
    3   6      -0.069152      -0.033403      2       0.009484
    4   6      -0.008508      -0.012486      0       0.009923
    5   6      -0.044417      -0.012486      4       0.009923
    6   6      -0.113485      -0.171038      0       0.005047
    7   6      -0.042106      -0.171038      6       0.005047
    8   6       0.077243       0.077243    -99       0.007914
    9   7      -0.435406      -0.435406    -99       0.002238
   10   1       0.031986       0.027884      0       0.000000
   11   1       0.019072       0.027884     10       0.000000
   12   1       0.022153       0.021951      0       0.000000
   13   1       0.005472       0.021951     12       0.000000
   14   1       0.047807       0.021951     12       0.000000
   15   1       0.030558       0.021951     12       0.000000
   16   1      -0.008682       0.024453      0       0.000000
   17   1       0.041666       0.024453     16       0.000000
   18   1       0.056984       0.024453     16       0.000000
   19   1      -0.003827       0.024453     16       0.000000
   20   1       0.063818       0.095117      0       0.000000
   21   1       0.080515       0.095117     20       0.000000
   22   1       0.048300       0.095117     20       0.000000
   23   1       0.046304       0.095117     20       0.000000
   24   1       0.103833       0.103833    -99       0.000000
   25   1       0.364083       0.364083    -99       0.000000
   26   1       0.364083       0.364083    -99       0.000000
   27   1       0.364083       0.364083    -99       0.000000

 Sum over the calculated charges:      1.000

        Statistics of the fitting:
  The initial sum of squares (ssvpot)                     14.861
  The residual sum of squares (chipot)                     0.004
  The std err of estimate (sqrt(chipot/N))               0.00206
  ESP relative RMS (SQRT(chipot/ssvpot))                 0.01625

 Center of Mass (Angst.):

 X  =   0.00000      Y  =   0.00000      Z  =   0.00000

 Dipole (Debye):

 X  =  -8.57192      Y  =  -1.63516      Z  =  -3.02682

 Dipole Moment (Debye)=   9.23651

 Quadrupole (Debye*Angst.):

 Qxx =  31.00086     QYY = -19.99374     QZZ = -11.00712
 Qxy = -35.67714     QXZ = -22.56002     QYZ = -41.45773
