# Step Status Loss       Vector
     0      0   0.003896   0.000000   0.000000   0.000000   0.000000   0.000000   0.000000   0.000000   0.000000   0.000000   0.000000   0.000000   0.000000   0.000000
     1      0   0.003650   1.550673  -4.526165   9.825006   3.425035   2.888401   8.830453   2.179350   6.210126   5.178288   0.405662   4.543347   3.246368 -18.703603
     2      0   0.003650  -4.522724  -5.725264   2.556105  -5.138043  -0.875013  -7.093447   1.098227   0.946065   3.756918   1.098889   4.451678   1.334148   6.570088
     3      0   0.004249   2.769657  -4.317602  -8.867974  -7.766493  -2.112492   3.327337   5.355284   4.288560   2.904028   3.965354   3.025783   4.376090 -14.060669
     4      0   0.003675  -0.177620   3.659209   0.596559   6.525003   2.859054   2.189679   0.068815   1.428700   3.500518   2.725749   4.812403   0.061405  -1.423506
     5      0   0.134514  -8.987460  -3.630083  -3.453158   3.949316  -4.592959   3.876648   3.281317   4.305241   5.948950   3.041883   4.135569   3.641154  14.911359
     6      0   0.003650   5.269172   3.800001  -3.592100   3.401479   4.601952  -7.595445   4.895263   4.226959   4.347433   4.500698   4.726780   3.419108 -12.213135
     7      0   0.003650   1.153505   4.558715  -5.424265   8.751759  -7.363097   7.293209   0.219704   4.797210   2.325704   1.501688   0.800807   4.325986 -17.051238
     8      0   0.003675   7.497745  -6.264164   8.512733   1.682779  -1.609202   7.459194   3.878558   2.520524   4.009501   4.621965   4.407649   4.100088  15.371971
     9      0   0.003650   4.541075   5.174925  -3.968609   1.197116   1.963856  -9.927160   3.140122   4.927685   5.177720   2.257342   1.518988   3.910020 -13.934626
    10      0   0.003675  -1.802735  -0.551789   1.412266   6.576972  -9.323912  -2.338999   2.385130   4.743580   3.781615   4.061117   4.936758   0.092554   2.616220
    11      0   0.003650  -7.708781  -3.430566   4.374349  -1.417995  -0.867039  -1.187639   4.958299   3.691728   0.762107   5.261508   5.833061   0.608443  10.548146
    12      0   0.003751  -9.931598   5.573807   9.102891   8.169455  -2.669749  -5.704168   5.681992   5.026394   4.124402   4.836493   5.907437   1.796676  -0.366030
    13      0   0.003650   3.774096   0.378737  -7.697974  -3.542430  -9.167253  -0.322443   2.355185   0.356030   0.751808   1.173824   2.754386   2.685501 -13.860046
    14      0   0.176004  -9.998258  -2.737863   4.284447  -7.885380   8.147417   8.732283   1.485858   3.343830   1.317925   6.109314   4.847192   2.888010 -24.686696
    15      0   0.175894  -3.215661  -4.003341   7.066967   0.919264   3.296621  -8.394207   4.028707   5.882685   3.456813   2.026170   4.909704   3.580764  22.149341
    16      0   0.003675  -5.286179   6.905922   2.023704   3.764408  -7.719963  -1.738879   3.595504   4.990610   5.328920   6.148198   5.731893   1.301400  -7.598109
    17      0   0.133858  -7.334705  -4.036702   2.861555  -4.327652   2.348209   0.097015   1.075626   0.064575   2.535871   3.324967   5.187095   1.306061  -4.810285
    18      0   0.003784  -6.987499  -6.150087  -9.588533   0.556476   1.635213  -7.366069   1.084687   2.919899   4.969650   5.754521   4.094287   0.673295  -4.032580
    19      0   0.003784   2.004358   5.987643   6.219711   2.020606   2.398849  -3.980345   5.274385   4.455193   5.241097   2.724268   5.451314   1.047674  13.006157
